<?xml version="1.0" encoding="UTF-8"?>
<testsuite xmlns:xsi="http://www.w3.org/2001/XMLSchema-instance" xsi:noNamespaceSchemaLocation="https://maven.apache.org/surefire/maven-surefire-plugin/xsd/surefire-test-report.xsd" version="3.0.2" name="hotel.rest.main.HotelRestTp3ApplicationTests" time="24.423" tests="1" errors="0" skipped="0" failures="0">
  <properties>
[...]
</properties>
  <testcase name="contextLoads" classname="hotel.rest.main.HotelRestTp3ApplicationTests" time="1.152">
    <system-out><![CDATA[00:10:16.702 [main] INFO org.springframework.test.context.support.AnnotationConfigContextLoaderUtils -- Could not detect default configuration classes for test class [hotel.rest.main.HotelRestTp3ApplicationTests]: HotelRestTp3ApplicationTests does not declare any static, non-private, non-final, nested classes annotated with @Configuration.
00:10:17.255 [main] INFO org.springframework.boot.test.context.SpringBootTestContextBootstrapper -- Found @SpringBootConfiguration hotel.rest.main.HotelRestTp3Application for test class hotel.rest.main.HotelRestTp3ApplicationTests

  .   ____          _            __ _ _
 /\\ / ___'_ __ _ _(_)_ __  __ _ \ \ \ \
( ( )\___ | '_ | '_| | '_ \/ _` | \ \ \ \
 \\/  ___)| |_)| | | | | || (_| |  ) ) ) )
  '  |____| .__|_| |_|_| |_\__, | / / / /
 =========|_|==============|___/=/_/_/_/

 :: Spring Boot ::                (v3.4.1)

2025-01-16T00:10:19.371+01:00  INFO 36632 --- [hotel_rest_tp3] [           main] h.r.main.HotelRestTp3ApplicationTests    : Starting HotelRestTp3ApplicationTests using Java 21.0.5 with PID 36632 (started by miguel in /mnt/c/Users/Miguel/git/hotel_rest_tp3)
2025-01-16T00:10:19.376+01:00  INFO 36632 --- [hotel_rest_tp3] [           main] h.r.main.HotelRestTp3ApplicationTests    : No active profile set, falling back to 1 default profile: "default"
2025-01-16T00:10:21.817+01:00  INFO 36632 --- [hotel_rest_tp3] [           main] .s.d.r.c.RepositoryConfigurationDelegate : Bootstrapping Spring Data JPA repositories in DEFAULT mode.
2025-01-16T00:10:22.183+01:00  INFO 36632 --- [hotel_rest_tp3] [           main] .s.d.r.c.RepositoryConfigurationDelegate : Finished Spring Data repository scanning in 322 ms. Found 5 JPA repository interfaces.
2025-01-16T00:10:24.886+01:00  INFO 36632 --- [hotel_rest_tp3] [           main] com.zaxxer.hikari.HikariDataSource       : HikariPool-1 - Starting...
2025-01-16T00:10:25.915+01:00  INFO 36632 --- [hotel_rest_tp3] [           main] com.zaxxer.hikari.pool.HikariPool        : HikariPool-1 - Added connection conn0: url=jdbc:h2:mem:hotel user=SA
2025-01-16T00:10:25.927+01:00  INFO 36632 --- [hotel_rest_tp3] [           main] com.zaxxer.hikari.HikariDataSource       : HikariPool-1 - Start completed.
2025-01-16T00:10:26.317+01:00 DEBUG 36632 --- [hotel_rest_tp3] [           main] j.LocalContainerEntityManagerFactoryBean : Building JPA container EntityManagerFactory for persistence unit 'default'
2025-01-16T00:10:26.426+01:00 DEBUG 36632 --- [hotel_rest_tp3] [           main] o.hibernate.jpa.internal.util.LogHelper  : PersistenceUnitInfo [
	name: default
	persistence provider classname: null
	classloader: jdk.internal.loader.ClassLoaders$AppClassLoader@639fee48
	excludeUnlistedClasses: true
	JTA datasource: null
	Non JTA datasource: HikariDataSource (HikariPool-1)
	Transaction type: RESOURCE_LOCAL
	PU root URL: file:/mnt/c/Users/Miguel/git/hotel_rest_tp3/target/test-classes/
	Shared Cache Mode: UNSPECIFIED
	Validation Mode: AUTO
	Jar files URLs []
	Managed classes names [
		hotel.rest.models.Adresse
		hotel.rest.models.Chambre
		hotel.rest.models.Hotel
		hotel.rest.models.Personne
		hotel.rest.models.Reservation]
	Mapping files names []
	Properties []
2025-01-16T00:10:26.504+01:00 DEBUG 36632 --- [hotel_rest_tp3] [           main] o.h.i.internal.IntegratorServiceImpl     : Adding Integrator [org.hibernate.boot.beanvalidation.BeanValidationIntegrator].
2025-01-16T00:10:26.519+01:00 DEBUG 36632 --- [hotel_rest_tp3] [           main] o.h.i.internal.IntegratorServiceImpl     : Adding Integrator [org.hibernate.cache.internal.CollectionCacheInvalidator].
2025-01-16T00:10:26.894+01:00  INFO 36632 --- [hotel_rest_tp3] [           main] org.hibernate.Version                    : HHH000412: Hibernate ORM core version 6.6.4.Final
2025-01-16T00:10:26.904+01:00 DEBUG 36632 --- [hotel_rest_tp3] [           main] org.hibernate.cfg.Environment            : HHH000206: 'hibernate.properties' not found
2025-01-16T00:10:27.043+01:00 DEBUG 36632 --- [hotel_rest_tp3] [           main] org.hibernate.orm.idgen.factory          : Registering IdentifierGenerator strategy [uuid2] -> [org.hibernate.id.UUIDGenerator]
2025-01-16T00:10:27.045+01:00 DEBUG 36632 --- [hotel_rest_tp3] [           main] org.hibernate.orm.idgen.factory          : Registering IdentifierGenerator strategy [guid] -> [org.hibernate.id.GUIDGenerator]
2025-01-16T00:10:27.049+01:00 DEBUG 36632 --- [hotel_rest_tp3] [           main] org.hibernate.orm.idgen.factory          : Registering IdentifierGenerator strategy [uuid] -> [org.hibernate.id.UUIDHexGenerator]
2025-01-16T00:10:27.049+01:00 DEBUG 36632 --- [hotel_rest_tp3] [           main] org.hibernate.orm.idgen.factory          : Registering IdentifierGenerator strategy [uuid.hex] -> [org.hibernate.id.UUIDHexGenerator]
2025-01-16T00:10:27.051+01:00 DEBUG 36632 --- [hotel_rest_tp3] [           main] org.hibernate.orm.idgen.factory          : Registering IdentifierGenerator strategy [assigned] -> [org.hibernate.id.Assigned]
2025-01-16T00:10:27.058+01:00 DEBUG 36632 --- [hotel_rest_tp3] [           main] org.hibernate.orm.idgen.factory          : Registering IdentifierGenerator strategy [identity] -> [org.hibernate.id.IdentityGenerator]
2025-01-16T00:10:27.061+01:00 DEBUG 36632 --- [hotel_rest_tp3] [           main] org.hibernate.orm.idgen.factory          : Registering IdentifierGenerator strategy [select] -> [org.hibernate.id.SelectGenerator]
2025-01-16T00:10:27.067+01:00 DEBUG 36632 --- [hotel_rest_tp3] [           main] org.hibernate.orm.idgen.factory          : Registering IdentifierGenerator strategy [sequence] -> [org.hibernate.id.enhanced.SequenceStyleGenerator]
2025-01-16T00:10:27.070+01:00 DEBUG 36632 --- [hotel_rest_tp3] [           main] org.hibernate.orm.idgen.factory          : Registering IdentifierGenerator strategy [increment] -> [org.hibernate.id.IncrementGenerator]
2025-01-16T00:10:27.073+01:00 DEBUG 36632 --- [hotel_rest_tp3] [           main] org.hibernate.orm.idgen.factory          : Registering IdentifierGenerator strategy [foreign] -> [org.hibernate.id.ForeignGenerator]
2025-01-16T00:10:27.073+01:00 DEBUG 36632 --- [hotel_rest_tp3] [           main] org.hibernate.orm.idgen.factory          : Registering IdentifierGenerator strategy [enhanced-sequence] -> [org.hibernate.id.enhanced.SequenceStyleGenerator]
2025-01-16T00:10:27.076+01:00 DEBUG 36632 --- [hotel_rest_tp3] [           main] org.hibernate.orm.idgen.factory          : Registering IdentifierGenerator strategy [enhanced-table] -> [org.hibernate.id.enhanced.TableGenerator]
2025-01-16T00:10:27.119+01:00 DEBUG 36632 --- [hotel_rest_tp3] [           main] o.h.c.internal.RegionFactoryInitiator    : Cannot default RegionFactory based on registered strategies as `[]` RegionFactory strategies were registered
2025-01-16T00:10:27.125+01:00  INFO 36632 --- [hotel_rest_tp3] [           main] o.h.c.internal.RegionFactoryInitiator    : HHH000026: Second-level cache disabled
2025-01-16T00:10:27.660+01:00 DEBUG 36632 --- [hotel_rest_tp3] [           main] org.hibernate.type.BasicTypeRegistry     : Adding type registration boolean -> org.hibernate.type.BasicTypeReference@2e3f324e
2025-01-16T00:10:27.660+01:00 DEBUG 36632 --- [hotel_rest_tp3] [           main] org.hibernate.type.BasicTypeRegistry     : Adding type registration boolean -> org.hibernate.type.BasicTypeReference@2e3f324e
2025-01-16T00:10:27.660+01:00 DEBUG 36632 --- [hotel_rest_tp3] [           main] org.hibernate.type.BasicTypeRegistry     : Adding type registration java.lang.Boolean -> org.hibernate.type.BasicTypeReference@2e3f324e
2025-01-16T00:10:27.660+01:00 DEBUG 36632 --- [hotel_rest_tp3] [           main] org.hibernate.type.BasicTypeRegistry     : Adding type registration numeric_boolean -> org.hibernate.type.BasicTypeReference@46cf8c07
2025-01-16T00:10:27.660+01:00 DEBUG 36632 --- [hotel_rest_tp3] [           main] org.hibernate.type.BasicTypeRegistry     : Adding type registration org.hibernate.type.NumericBooleanConverter -> org.hibernate.type.BasicTypeReference@46cf8c07
2025-01-16T00:10:27.661+01:00 DEBUG 36632 --- [hotel_rest_tp3] [           main] org.hibernate.type.BasicTypeRegistry     : Adding type registration true_false -> org.hibernate.type.BasicTypeReference@b56ec6c
2025-01-16T00:10:27.661+01:00 DEBUG 36632 --- [hotel_rest_tp3] [           main] org.hibernate.type.BasicTypeRegistry     : Adding type registration org.hibernate.type.TrueFalseConverter -> org.hibernate.type.BasicTypeReference@b56ec6c
2025-01-16T00:10:27.661+01:00 DEBUG 36632 --- [hotel_rest_tp3] [           main] org.hibernate.type.BasicTypeRegistry     : Adding type registration yes_no -> org.hibernate.type.BasicTypeReference@5abf6a99
2025-01-16T00:10:27.661+01:00 DEBUG 36632 --- [hotel_rest_tp3] [           main] org.hibernate.type.BasicTypeRegistry     : Adding type registration org.hibernate.type.YesNoConverter -> org.hibernate.type.BasicTypeReference@5abf6a99
2025-01-16T00:10:27.661+01:00 DEBUG 36632 --- [hotel_rest_tp3] [           main] org.hibernate.type.BasicTypeRegistry     : Adding type registration byte -> org.hibernate.type.BasicTypeReference@dc59ec2
2025-01-16T00:10:27.662+01:00 DEBUG 36632 --- [hotel_rest_tp3] [           main] org.hibernate.type.BasicTypeRegistry     : Adding type registration byte -> org.hibernate.type.BasicTypeReference@dc59ec2
2025-01-16T00:10:27.662+01:00 DEBUG 36632 --- [hotel_rest_tp3] [           main] org.hibernate.type.BasicTypeRegistry     : Adding type registration java.lang.Byte -> org.hibernate.type.BasicTypeReference@dc59ec2
2025-01-16T00:10:27.662+01:00 DEBUG 36632 --- [hotel_rest_tp3] [           main] org.hibernate.type.BasicTypeRegistry     : Adding type registration binary -> org.hibernate.type.BasicTypeReference@375084c9
2025-01-16T00:10:27.663+01:00 DEBUG 36632 --- [hotel_rest_tp3] [           main] org.hibernate.type.BasicTypeRegistry     : Adding type registration byte[] -> org.hibernate.type.BasicTypeReference@375084c9
2025-01-16T00:10:27.663+01:00 DEBUG 36632 --- [hotel_rest_tp3] [           main] org.hibernate.type.BasicTypeRegistry     : Adding type registration [B -> org.hibernate.type.BasicTypeReference@375084c9
2025-01-16T00:10:27.664+01:00 DEBUG 36632 --- [hotel_rest_tp3] [           main] org.hibernate.type.BasicTypeRegistry     : Adding type registration binary_wrapper -> org.hibernate.type.BasicTypeReference@bd93bc3
2025-01-16T00:10:27.664+01:00 DEBUG 36632 --- [hotel_rest_tp3] [           main] org.hibernate.type.BasicTypeRegistry     : Adding type registration wrapper-binary -> org.hibernate.type.BasicTypeReference@bd93bc3
2025-01-16T00:10:27.664+01:00 DEBUG 36632 --- [hotel_rest_tp3] [           main] org.hibernate.type.BasicTypeRegistry     : Adding type registration image -> org.hibernate.type.BasicTypeReference@2a136383
2025-01-16T00:10:27.664+01:00 DEBUG 36632 --- [hotel_rest_tp3] [           main] org.hibernate.type.BasicTypeRegistry     : Adding type registration blob -> org.hibernate.type.BasicTypeReference@b01cb8d
2025-01-16T00:10:27.664+01:00 DEBUG 36632 --- [hotel_rest_tp3] [           main] org.hibernate.type.BasicTypeRegistry     : Adding type registration java.sql.Blob -> org.hibernate.type.BasicTypeReference@b01cb8d
2025-01-16T00:10:27.665+01:00 DEBUG 36632 --- [hotel_rest_tp3] [           main] org.hibernate.type.BasicTypeRegistry     : Adding type registration materialized_blob -> org.hibernate.type.BasicTypeReference@38c460e8
2025-01-16T00:10:27.665+01:00 DEBUG 36632 --- [hotel_rest_tp3] [           main] org.hibernate.type.BasicTypeRegistry     : Adding type registration materialized_blob_wrapper -> org.hibernate.type.BasicTypeReference@7a814310
2025-01-16T00:10:27.665+01:00 DEBUG 36632 --- [hotel_rest_tp3] [           main] org.hibernate.type.BasicTypeRegistry     : Adding type registration short -> org.hibernate.type.BasicTypeReference@4bbf38b8
2025-01-16T00:10:27.666+01:00 DEBUG 36632 --- [hotel_rest_tp3] [           main] org.hibernate.type.BasicTypeRegistry     : Adding type registration short -> org.hibernate.type.BasicTypeReference@4bbf38b8
2025-01-16T00:10:27.666+01:00 DEBUG 36632 --- [hotel_rest_tp3] [           main] org.hibernate.type.BasicTypeRegistry     : Adding type registration java.lang.Short -> org.hibernate.type.BasicTypeReference@4bbf38b8
2025-01-16T00:10:27.666+01:00 DEBUG 36632 --- [hotel_rest_tp3] [           main] org.hibernate.type.BasicTypeRegistry     : Adding type registration integer -> org.hibernate.type.BasicTypeReference@4e67cfe1
2025-01-16T00:10:27.667+01:00 DEBUG 36632 --- [hotel_rest_tp3] [           main] org.hibernate.type.BasicTypeRegistry     : Adding type registration int -> org.hibernate.type.BasicTypeReference@4e67cfe1
2025-01-16T00:10:27.667+01:00 DEBUG 36632 --- [hotel_rest_tp3] [           main] org.hibernate.type.BasicTypeRegistry     : Adding type registration java.lang.Integer -> org.hibernate.type.BasicTypeReference@4e67cfe1
2025-01-16T00:10:27.668+01:00 DEBUG 36632 --- [hotel_rest_tp3] [           main] org.hibernate.type.BasicTypeRegistry     : Adding type registration long -> org.hibernate.type.BasicTypeReference@55bf35e5
2025-01-16T00:10:27.668+01:00 DEBUG 36632 --- [hotel_rest_tp3] [           main] org.hibernate.type.BasicTypeRegistry     : Adding type registration long -> org.hibernate.type.BasicTypeReference@55bf35e5
2025-01-16T00:10:27.668+01:00 DEBUG 36632 --- [hotel_rest_tp3] [           main] org.hibernate.type.BasicTypeRegistry     : Adding type registration java.lang.Long -> org.hibernate.type.BasicTypeReference@55bf35e5
2025-01-16T00:10:27.669+01:00 DEBUG 36632 --- [hotel_rest_tp3] [           main] org.hibernate.type.BasicTypeRegistry     : Adding type registration float -> org.hibernate.type.BasicTypeReference@25567581
2025-01-16T00:10:27.669+01:00 DEBUG 36632 --- [hotel_rest_tp3] [           main] org.hibernate.type.BasicTypeRegistry     : Adding type registration float -> org.hibernate.type.BasicTypeReference@25567581
2025-01-16T00:10:27.669+01:00 DEBUG 36632 --- [hotel_rest_tp3] [           main] org.hibernate.type.BasicTypeRegistry     : Adding type registration java.lang.Float -> org.hibernate.type.BasicTypeReference@25567581
2025-01-16T00:10:27.670+01:00 DEBUG 36632 --- [hotel_rest_tp3] [           main] org.hibernate.type.BasicTypeRegistry     : Adding type registration double -> org.hibernate.type.BasicTypeReference@179ee36b
2025-01-16T00:10:27.670+01:00 DEBUG 36632 --- [hotel_rest_tp3] [           main] org.hibernate.type.BasicTypeRegistry     : Adding type registration double -> org.hibernate.type.BasicTypeReference@179ee36b
2025-01-16T00:10:27.670+01:00 DEBUG 36632 --- [hotel_rest_tp3] [           main] org.hibernate.type.BasicTypeRegistry     : Adding type registration java.lang.Double -> org.hibernate.type.BasicTypeReference@179ee36b
2025-01-16T00:10:27.671+01:00 DEBUG 36632 --- [hotel_rest_tp3] [           main] org.hibernate.type.BasicTypeRegistry     : Adding type registration big_integer -> org.hibernate.type.BasicTypeReference@67763ebe
2025-01-16T00:10:27.671+01:00 DEBUG 36632 --- [hotel_rest_tp3] [           main] org.hibernate.type.BasicTypeRegistry     : Adding type registration java.math.BigInteger -> org.hibernate.type.BasicTypeReference@67763ebe
2025-01-16T00:10:27.671+01:00 DEBUG 36632 --- [hotel_rest_tp3] [           main] org.hibernate.type.BasicTypeRegistry     : Adding type registration big_decimal -> org.hibernate.type.BasicTypeReference@4b4a2fa8
2025-01-16T00:10:27.671+01:00 DEBUG 36632 --- [hotel_rest_tp3] [           main] org.hibernate.type.BasicTypeRegistry     : Adding type registration java.math.BigDecimal -> org.hibernate.type.BasicTypeReference@4b4a2fa8
2025-01-16T00:10:27.672+01:00 DEBUG 36632 --- [hotel_rest_tp3] [           main] org.hibernate.type.BasicTypeRegistry     : Adding type registration character -> org.hibernate.type.BasicTypeReference@5da6b13d
2025-01-16T00:10:27.672+01:00 DEBUG 36632 --- [hotel_rest_tp3] [           main] org.hibernate.type.BasicTypeRegistry     : Adding type registration char -> org.hibernate.type.BasicTypeReference@5da6b13d
2025-01-16T00:10:27.672+01:00 DEBUG 36632 --- [hotel_rest_tp3] [           main] org.hibernate.type.BasicTypeRegistry     : Adding type registration java.lang.Character -> org.hibernate.type.BasicTypeReference@5da6b13d
2025-01-16T00:10:27.672+01:00 DEBUG 36632 --- [hotel_rest_tp3] [           main] org.hibernate.type.BasicTypeRegistry     : Adding type registration character_nchar -> org.hibernate.type.BasicTypeReference@3dc39459
2025-01-16T00:10:27.672+01:00 DEBUG 36632 --- [hotel_rest_tp3] [           main] org.hibernate.type.BasicTypeRegistry     : Adding type registration string -> org.hibernate.type.BasicTypeReference@6b16de91
2025-01-16T00:10:27.672+01:00 DEBUG 36632 --- [hotel_rest_tp3] [           main] org.hibernate.type.BasicTypeRegistry     : Adding type registration java.lang.String -> org.hibernate.type.BasicTypeReference@6b16de91
2025-01-16T00:10:27.673+01:00 DEBUG 36632 --- [hotel_rest_tp3] [           main] org.hibernate.type.BasicTypeRegistry     : Adding type registration nstring -> org.hibernate.type.BasicTypeReference@71bb8b34
2025-01-16T00:10:27.673+01:00 DEBUG 36632 --- [hotel_rest_tp3] [           main] org.hibernate.type.BasicTypeRegistry     : Adding type registration characters -> org.hibernate.type.BasicTypeReference@197ce367
2025-01-16T00:10:27.673+01:00 DEBUG 36632 --- [hotel_rest_tp3] [           main] org.hibernate.type.BasicTypeRegistry     : Adding type registration char[] -> org.hibernate.type.BasicTypeReference@197ce367
2025-01-16T00:10:27.673+01:00 DEBUG 36632 --- [hotel_rest_tp3] [           main] org.hibernate.type.BasicTypeRegistry     : Adding type registration [C -> org.hibernate.type.BasicTypeReference@197ce367
2025-01-16T00:10:27.673+01:00 DEBUG 36632 --- [hotel_rest_tp3] [           main] org.hibernate.type.BasicTypeRegistry     : Adding type registration wrapper-characters -> org.hibernate.type.BasicTypeReference@383cdd4d
2025-01-16T00:10:27.673+01:00 DEBUG 36632 --- [hotel_rest_tp3] [           main] org.hibernate.type.BasicTypeRegistry     : Adding type registration text -> org.hibernate.type.BasicTypeReference@65036e8d
2025-01-16T00:10:27.673+01:00 DEBUG 36632 --- [hotel_rest_tp3] [           main] org.hibernate.type.BasicTypeRegistry     : Adding type registration ntext -> org.hibernate.type.BasicTypeReference@48ccbb32
2025-01-16T00:10:27.673+01:00 DEBUG 36632 --- [hotel_rest_tp3] [           main] org.hibernate.type.BasicTypeRegistry     : Adding type registration clob -> org.hibernate.type.BasicTypeReference@36551e97
2025-01-16T00:10:27.674+01:00 DEBUG 36632 --- [hotel_rest_tp3] [           main] org.hibernate.type.BasicTypeRegistry     : Adding type registration java.sql.Clob -> org.hibernate.type.BasicTypeReference@36551e97
2025-01-16T00:10:27.674+01:00 DEBUG 36632 --- [hotel_rest_tp3] [           main] org.hibernate.type.BasicTypeRegistry     : Adding type registration nclob -> org.hibernate.type.BasicTypeReference@685d7ba5
2025-01-16T00:10:27.674+01:00 DEBUG 36632 --- [hotel_rest_tp3] [           main] org.hibernate.type.BasicTypeRegistry     : Adding type registration java.sql.NClob -> org.hibernate.type.BasicTypeReference@685d7ba5
2025-01-16T00:10:27.674+01:00 DEBUG 36632 --- [hotel_rest_tp3] [           main] org.hibernate.type.BasicTypeRegistry     : Adding type registration materialized_clob -> org.hibernate.type.BasicTypeReference@16d41725
2025-01-16T00:10:27.674+01:00 DEBUG 36632 --- [hotel_rest_tp3] [           main] org.hibernate.type.BasicTypeRegistry     : Adding type registration materialized_clob_char_array -> org.hibernate.type.BasicTypeReference@3b6c2be6
2025-01-16T00:10:27.674+01:00 DEBUG 36632 --- [hotel_rest_tp3] [           main] org.hibernate.type.BasicTypeRegistry     : Adding type registration materialized_clob_character_array -> org.hibernate.type.BasicTypeReference@25533bba
2025-01-16T00:10:27.674+01:00 DEBUG 36632 --- [hotel_rest_tp3] [           main] org.hibernate.type.BasicTypeRegistry     : Adding type registration materialized_nclob -> org.hibernate.type.BasicTypeReference@26d0ece6
2025-01-16T00:10:27.674+01:00 DEBUG 36632 --- [hotel_rest_tp3] [           main] org.hibernate.type.BasicTypeRegistry     : Adding type registration materialized_nclob_character_array -> org.hibernate.type.BasicTypeReference@100bba26
2025-01-16T00:10:27.674+01:00 DEBUG 36632 --- [hotel_rest_tp3] [           main] org.hibernate.type.BasicTypeRegistry     : Adding type registration materialized_nclob_char_array -> org.hibernate.type.BasicTypeReference@4ae280da
2025-01-16T00:10:27.674+01:00 DEBUG 36632 --- [hotel_rest_tp3] [           main] org.hibernate.type.BasicTypeRegistry     : Adding type registration Duration -> org.hibernate.type.BasicTypeReference@76d0ecd7
2025-01-16T00:10:27.675+01:00 DEBUG 36632 --- [hotel_rest_tp3] [           main] org.hibernate.type.BasicTypeRegistry     : Adding type registration java.time.Duration -> org.hibernate.type.BasicTypeReference@76d0ecd7
2025-01-16T00:10:27.675+01:00 DEBUG 36632 --- [hotel_rest_tp3] [           main] org.hibernate.type.BasicTypeRegistry     : Adding type registration LocalDateTime -> org.hibernate.type.BasicTypeReference@57c69937
2025-01-16T00:10:27.675+01:00 DEBUG 36632 --- [hotel_rest_tp3] [           main] org.hibernate.type.BasicTypeRegistry     : Adding type registration java.time.LocalDateTime -> org.hibernate.type.BasicTypeReference@57c69937
2025-01-16T00:10:27.675+01:00 DEBUG 36632 --- [hotel_rest_tp3] [           main] org.hibernate.type.BasicTypeRegistry     : Adding type registration LocalDate -> org.hibernate.type.BasicTypeReference@1ad1c363
2025-01-16T00:10:27.675+01:00 DEBUG 36632 --- [hotel_rest_tp3] [           main] org.hibernate.type.BasicTypeRegistry     : Adding type registration java.time.LocalDate -> org.hibernate.type.BasicTypeReference@1ad1c363
2025-01-16T00:10:27.675+01:00 DEBUG 36632 --- [hotel_rest_tp3] [           main] org.hibernate.type.BasicTypeRegistry     : Adding type registration LocalTime -> org.hibernate.type.BasicTypeReference@446b64b3
2025-01-16T00:10:27.675+01:00 DEBUG 36632 --- [hotel_rest_tp3] [           main] org.hibernate.type.BasicTypeRegistry     : Adding type registration java.time.LocalTime -> org.hibernate.type.BasicTypeReference@446b64b3
2025-01-16T00:10:27.675+01:00 DEBUG 36632 --- [hotel_rest_tp3] [           main] org.hibernate.type.BasicTypeRegistry     : Adding type registration OffsetDateTime -> org.hibernate.type.BasicTypeReference@35ac9ebd
2025-01-16T00:10:27.675+01:00 DEBUG 36632 --- [hotel_rest_tp3] [           main] org.hibernate.type.BasicTypeRegistry     : Adding type registration java.time.OffsetDateTime -> org.hibernate.type.BasicTypeReference@35ac9ebd
2025-01-16T00:10:27.675+01:00 DEBUG 36632 --- [hotel_rest_tp3] [           main] org.hibernate.type.BasicTypeRegistry     : Adding type registration OffsetDateTimeWithTimezone -> org.hibernate.type.BasicTypeReference@56c0a61e
2025-01-16T00:10:27.676+01:00 DEBUG 36632 --- [hotel_rest_tp3] [           main] org.hibernate.type.BasicTypeRegistry     : Adding type registration OffsetDateTimeWithoutTimezone -> org.hibernate.type.BasicTypeReference@421ead7e
2025-01-16T00:10:27.676+01:00 DEBUG 36632 --- [hotel_rest_tp3] [           main] org.hibernate.type.BasicTypeRegistry     : Adding type registration OffsetTime -> org.hibernate.type.BasicTypeReference@5dcf0772
2025-01-16T00:10:27.677+01:00 DEBUG 36632 --- [hotel_rest_tp3] [           main] org.hibernate.type.BasicTypeRegistry     : Adding type registration java.time.OffsetTime -> org.hibernate.type.BasicTypeReference@5dcf0772
2025-01-16T00:10:27.677+01:00 DEBUG 36632 --- [hotel_rest_tp3] [           main] org.hibernate.type.BasicTypeRegistry     : Adding type registration OffsetTimeUtc -> org.hibernate.type.BasicTypeReference@c472300
2025-01-16T00:10:27.677+01:00 DEBUG 36632 --- [hotel_rest_tp3] [           main] org.hibernate.type.BasicTypeRegistry     : Adding type registration OffsetTimeWithTimezone -> org.hibernate.type.BasicTypeReference@5f6494c0
2025-01-16T00:10:27.677+01:00 DEBUG 36632 --- [hotel_rest_tp3] [           main] org.hibernate.type.BasicTypeRegistry     : Adding type registration OffsetTimeWithoutTimezone -> org.hibernate.type.BasicTypeReference@6826b70f
2025-01-16T00:10:27.677+01:00 DEBUG 36632 --- [hotel_rest_tp3] [           main] org.hibernate.type.BasicTypeRegistry     : Adding type registration ZonedDateTime -> org.hibernate.type.BasicTypeReference@4df7d9ee
2025-01-16T00:10:27.677+01:00 DEBUG 36632 --- [hotel_rest_tp3] [           main] org.hibernate.type.BasicTypeRegistry     : Adding type registration java.time.ZonedDateTime -> org.hibernate.type.BasicTypeReference@4df7d9ee
2025-01-16T00:10:27.677+01:00 DEBUG 36632 --- [hotel_rest_tp3] [           main] org.hibernate.type.BasicTypeRegistry     : Adding type registration ZonedDateTimeWithTimezone -> org.hibernate.type.BasicTypeReference@781dac73
2025-01-16T00:10:27.677+01:00 DEBUG 36632 --- [hotel_rest_tp3] [           main] org.hibernate.type.BasicTypeRegistry     : Adding type registration ZonedDateTimeWithoutTimezone -> org.hibernate.type.BasicTypeReference@3a4e524
2025-01-16T00:10:27.677+01:00 DEBUG 36632 --- [hotel_rest_tp3] [           main] org.hibernate.type.BasicTypeRegistry     : Adding type registration date -> org.hibernate.type.BasicTypeReference@5e67a490
2025-01-16T00:10:27.677+01:00 DEBUG 36632 --- [hotel_rest_tp3] [           main] org.hibernate.type.BasicTypeRegistry     : Adding type registration java.sql.Date -> org.hibernate.type.BasicTypeReference@5e67a490
2025-01-16T00:10:27.678+01:00 DEBUG 36632 --- [hotel_rest_tp3] [           main] org.hibernate.type.BasicTypeRegistry     : Adding type registration time -> org.hibernate.type.BasicTypeReference@2dac2e1b
2025-01-16T00:10:27.678+01:00 DEBUG 36632 --- [hotel_rest_tp3] [           main] org.hibernate.type.BasicTypeRegistry     : Adding type registration java.sql.Time -> org.hibernate.type.BasicTypeReference@2dac2e1b
2025-01-16T00:10:27.678+01:00 DEBUG 36632 --- [hotel_rest_tp3] [           main] org.hibernate.type.BasicTypeRegistry     : Adding type registration timestamp -> org.hibernate.type.BasicTypeReference@38c761e9
2025-01-16T00:10:27.678+01:00 DEBUG 36632 --- [hotel_rest_tp3] [           main] org.hibernate.type.BasicTypeRegistry     : Adding type registration java.sql.Timestamp -> org.hibernate.type.BasicTypeReference@38c761e9
2025-01-16T00:10:27.678+01:00 DEBUG 36632 --- [hotel_rest_tp3] [           main] org.hibernate.type.BasicTypeRegistry     : Adding type registration java.util.Date -> org.hibernate.type.BasicTypeReference@38c761e9
2025-01-16T00:10:27.678+01:00 DEBUG 36632 --- [hotel_rest_tp3] [           main] org.hibernate.type.BasicTypeRegistry     : Adding type registration calendar -> org.hibernate.type.BasicTypeReference@1cee2e10
2025-01-16T00:10:27.678+01:00 DEBUG 36632 --- [hotel_rest_tp3] [           main] org.hibernate.type.BasicTypeRegistry     : Adding type registration java.util.Calendar -> org.hibernate.type.BasicTypeReference@1cee2e10
2025-01-16T00:10:27.678+01:00 DEBUG 36632 --- [hotel_rest_tp3] [           main] org.hibernate.type.BasicTypeRegistry     : Adding type registration java.util.GregorianCalendar -> org.hibernate.type.BasicTypeReference@1cee2e10
2025-01-16T00:10:27.678+01:00 DEBUG 36632 --- [hotel_rest_tp3] [           main] org.hibernate.type.BasicTypeRegistry     : Adding type registration calendar_date -> org.hibernate.type.BasicTypeReference@7f4e5a39
2025-01-16T00:10:27.678+01:00 DEBUG 36632 --- [hotel_rest_tp3] [           main] org.hibernate.type.BasicTypeRegistry     : Adding type registration calendar_time -> org.hibernate.type.BasicTypeReference@33de7f3d
2025-01-16T00:10:27.678+01:00 DEBUG 36632 --- [hotel_rest_tp3] [           main] org.hibernate.type.BasicTypeRegistry     : Adding type registration instant -> org.hibernate.type.BasicTypeReference@30159886
2025-01-16T00:10:27.679+01:00 DEBUG 36632 --- [hotel_rest_tp3] [           main] org.hibernate.type.BasicTypeRegistry     : Adding type registration java.time.Instant -> org.hibernate.type.BasicTypeReference@30159886
2025-01-16T00:10:27.679+01:00 DEBUG 36632 --- [hotel_rest_tp3] [           main] org.hibernate.type.BasicTypeRegistry     : Adding type registration uuid -> org.hibernate.type.BasicTypeReference@5d66ae3a
2025-01-16T00:10:27.679+01:00 DEBUG 36632 --- [hotel_rest_tp3] [           main] org.hibernate.type.BasicTypeRegistry     : Adding type registration java.util.UUID -> org.hibernate.type.BasicTypeReference@5d66ae3a
2025-01-16T00:10:27.679+01:00 DEBUG 36632 --- [hotel_rest_tp3] [           main] org.hibernate.type.BasicTypeRegistry     : Adding type registration pg-uuid -> org.hibernate.type.BasicTypeReference@5d66ae3a
2025-01-16T00:10:27.679+01:00 DEBUG 36632 --- [hotel_rest_tp3] [           main] org.hibernate.type.BasicTypeRegistry     : Adding type registration uuid-binary -> org.hibernate.type.BasicTypeReference@50f4b83d
2025-01-16T00:10:27.679+01:00 DEBUG 36632 --- [hotel_rest_tp3] [           main] org.hibernate.type.BasicTypeRegistry     : Adding type registration uuid-char -> org.hibernate.type.BasicTypeReference@10131289
2025-01-16T00:10:27.679+01:00 DEBUG 36632 --- [hotel_rest_tp3] [           main] org.hibernate.type.BasicTypeRegistry     : Adding type registration class -> org.hibernate.type.BasicTypeReference@c5e69a5
2025-01-16T00:10:27.679+01:00 DEBUG 36632 --- [hotel_rest_tp3] [           main] org.hibernate.type.BasicTypeRegistry     : Adding type registration java.lang.Class -> org.hibernate.type.BasicTypeReference@c5e69a5
2025-01-16T00:10:27.680+01:00 DEBUG 36632 --- [hotel_rest_tp3] [           main] org.hibernate.type.BasicTypeRegistry     : Adding type registration currency -> org.hibernate.type.BasicTypeReference@64a1116a
2025-01-16T00:10:27.680+01:00 DEBUG 36632 --- [hotel_rest_tp3] [           main] org.hibernate.type.BasicTypeRegistry     : Adding type registration Currency -> org.hibernate.type.BasicTypeReference@64a1116a
2025-01-16T00:10:27.680+01:00 DEBUG 36632 --- [hotel_rest_tp3] [           main] org.hibernate.type.BasicTypeRegistry     : Adding type registration java.util.Currency -> org.hibernate.type.BasicTypeReference@64a1116a
2025-01-16T00:10:27.680+01:00 DEBUG 36632 --- [hotel_rest_tp3] [           main] org.hibernate.type.BasicTypeRegistry     : Adding type registration locale -> org.hibernate.type.BasicTypeReference@19eea77c
2025-01-16T00:10:27.680+01:00 DEBUG 36632 --- [hotel_rest_tp3] [           main] org.hibernate.type.BasicTypeRegistry     : Adding type registration java.util.Locale -> org.hibernate.type.BasicTypeReference@19eea77c
2025-01-16T00:10:27.680+01:00 DEBUG 36632 --- [hotel_rest_tp3] [           main] org.hibernate.type.BasicTypeRegistry     : Adding type registration serializable -> org.hibernate.type.BasicTypeReference@6682e6a5
2025-01-16T00:10:27.681+01:00 DEBUG 36632 --- [hotel_rest_tp3] [           main] org.hibernate.type.BasicTypeRegistry     : Adding type registration java.io.Serializable -> org.hibernate.type.BasicTypeReference@6682e6a5
2025-01-16T00:10:27.681+01:00 DEBUG 36632 --- [hotel_rest_tp3] [           main] org.hibernate.type.BasicTypeRegistry     : Adding type registration timezone -> org.hibernate.type.BasicTypeReference@ac4915e
2025-01-16T00:10:27.681+01:00 DEBUG 36632 --- [hotel_rest_tp3] [           main] org.hibernate.type.BasicTypeRegistry     : Adding type registration java.util.TimeZone -> org.hibernate.type.BasicTypeReference@ac4915e
2025-01-16T00:10:27.681+01:00 DEBUG 36632 --- [hotel_rest_tp3] [           main] org.hibernate.type.BasicTypeRegistry     : Adding type registration ZoneOffset -> org.hibernate.type.BasicTypeReference@10fb4575
2025-01-16T00:10:27.681+01:00 DEBUG 36632 --- [hotel_rest_tp3] [           main] org.hibernate.type.BasicTypeRegistry     : Adding type registration java.time.ZoneOffset -> org.hibernate.type.BasicTypeReference@10fb4575
2025-01-16T00:10:27.682+01:00 DEBUG 36632 --- [hotel_rest_tp3] [           main] org.hibernate.type.BasicTypeRegistry     : Adding type registration url -> org.hibernate.type.BasicTypeReference@7cc2c551
2025-01-16T00:10:27.682+01:00 DEBUG 36632 --- [hotel_rest_tp3] [           main] org.hibernate.type.BasicTypeRegistry     : Adding type registration java.net.URL -> org.hibernate.type.BasicTypeReference@7cc2c551
2025-01-16T00:10:27.682+01:00 DEBUG 36632 --- [hotel_rest_tp3] [           main] org.hibernate.type.BasicTypeRegistry     : Adding type registration vector -> org.hibernate.type.BasicTypeReference@d84b3a2
2025-01-16T00:10:27.682+01:00 DEBUG 36632 --- [hotel_rest_tp3] [           main] org.hibernate.type.BasicTypeRegistry     : Adding type registration float_vector -> org.hibernate.type.BasicTypeReference@23648d2d
2025-01-16T00:10:27.682+01:00 DEBUG 36632 --- [hotel_rest_tp3] [           main] org.hibernate.type.BasicTypeRegistry     : Adding type registration double_vector -> org.hibernate.type.BasicTypeReference@69feb4d9
2025-01-16T00:10:27.682+01:00 DEBUG 36632 --- [hotel_rest_tp3] [           main] org.hibernate.type.BasicTypeRegistry     : Adding type registration byte_vector -> org.hibernate.type.BasicTypeReference@37c1cfa
2025-01-16T00:10:27.682+01:00 DEBUG 36632 --- [hotel_rest_tp3] [           main] org.hibernate.type.BasicTypeRegistry     : Adding type registration row_version -> org.hibernate.type.BasicTypeReference@2bcda694
2025-01-16T00:10:27.718+01:00 DEBUG 36632 --- [hotel_rest_tp3] [           main] org.hibernate.type.BasicTypeRegistry     : Adding type registration object -> org.hibernate.type.JavaObjectType@6d31f106
2025-01-16T00:10:27.718+01:00 DEBUG 36632 --- [hotel_rest_tp3] [           main] org.hibernate.type.BasicTypeRegistry     : Adding type registration java.lang.Object -> org.hibernate.type.JavaObjectType@6d31f106
2025-01-16T00:10:27.726+01:00 DEBUG 36632 --- [hotel_rest_tp3] [           main] org.hibernate.type.BasicTypeRegistry     : Adding type registration null -> org.hibernate.type.NullType@733534f9
2025-01-16T00:10:27.727+01:00 DEBUG 36632 --- [hotel_rest_tp3] [           main] org.hibernate.type.BasicTypeRegistry     : Adding type registration imm_date -> org.hibernate.type.BasicTypeReference@661e279d
2025-01-16T00:10:27.727+01:00 DEBUG 36632 --- [hotel_rest_tp3] [           main] org.hibernate.type.BasicTypeRegistry     : Adding type registration imm_time -> org.hibernate.type.BasicTypeReference@beabd6b
2025-01-16T00:10:27.728+01:00 DEBUG 36632 --- [hotel_rest_tp3] [           main] org.hibernate.type.BasicTypeRegistry     : Adding type registration imm_timestamp -> org.hibernate.type.BasicTypeReference@38de5daf
2025-01-16T00:10:27.728+01:00 DEBUG 36632 --- [hotel_rest_tp3] [           main] org.hibernate.type.BasicTypeRegistry     : Adding type registration imm_calendar -> org.hibernate.type.BasicTypeReference@621624b1
2025-01-16T00:10:27.728+01:00 DEBUG 36632 --- [hotel_rest_tp3] [           main] org.hibernate.type.BasicTypeRegistry     : Adding type registration imm_calendar_date -> org.hibernate.type.BasicTypeReference@7523d5a1
2025-01-16T00:10:27.728+01:00 DEBUG 36632 --- [hotel_rest_tp3] [           main] org.hibernate.type.BasicTypeRegistry     : Adding type registration imm_calendar_time -> org.hibernate.type.BasicTypeReference@2bfc2f8b
2025-01-16T00:10:27.729+01:00 DEBUG 36632 --- [hotel_rest_tp3] [           main] org.hibernate.type.BasicTypeRegistry     : Adding type registration imm_binary -> org.hibernate.type.BasicTypeReference@61853c7e
2025-01-16T00:10:27.729+01:00 DEBUG 36632 --- [hotel_rest_tp3] [           main] org.hibernate.type.BasicTypeRegistry     : Adding type registration imm_serializable -> org.hibernate.type.BasicTypeReference@32e5af53
2025-01-16T00:10:27.806+01:00 DEBUG 36632 --- [hotel_rest_tp3] [           main] o.h.boot.internal.BootstrapContextImpl   : Injecting JPA temp ClassLoader [org.springframework.instrument.classloading.SimpleThrowawayClassLoader@372954e1] into BootstrapContext; was [null]
2025-01-16T00:10:27.807+01:00 DEBUG 36632 --- [hotel_rest_tp3] [           main] o.h.boot.internal.ClassLoaderAccessImpl  : ClassLoaderAccessImpl#injectTempClassLoader(org.springframework.instrument.classloading.SimpleThrowawayClassLoader@372954e1) [was null]
2025-01-16T00:10:27.810+01:00 DEBUG 36632 --- [hotel_rest_tp3] [           main] o.h.boot.internal.BootstrapContextImpl   : Injecting ScanEnvironment [org.hibernate.jpa.boot.internal.StandardJpaScanEnvironmentImpl@9281d19] into BootstrapContext; was [null]
2025-01-16T00:10:27.810+01:00 DEBUG 36632 --- [hotel_rest_tp3] [           main] o.h.boot.internal.BootstrapContextImpl   : Injecting ScanOptions [org.hibernate.boot.archive.scan.internal.StandardScanOptions@36ad5f2a] into BootstrapContext; was [org.hibernate.boot.archive.scan.internal.StandardScanOptions@53cddaf8]
2025-01-16T00:10:28.958+01:00  INFO 36632 --- [hotel_rest_tp3] [           main] o.s.o.j.p.SpringPersistenceUnitInfo      : No LoadTimeWeaver setup: ignoring JPA class transformer
2025-01-16T00:10:28.959+01:00 DEBUG 36632 --- [hotel_rest_tp3] [           main] o.h.boot.internal.BootstrapContextImpl   : Injecting JPA temp ClassLoader [null] into BootstrapContext; was [org.springframework.instrument.classloading.SimpleThrowawayClassLoader@372954e1]
2025-01-16T00:10:28.959+01:00 DEBUG 36632 --- [hotel_rest_tp3] [           main] o.h.boot.internal.ClassLoaderAccessImpl  : ClassLoaderAccessImpl#injectTempClassLoader(null) [was org.springframework.instrument.classloading.SimpleThrowawayClassLoader@372954e1]
2025-01-16T00:10:29.140+01:00 DEBUG 36632 --- [hotel_rest_tp3] [           main] o.h.e.j.e.i.JdbcEnvironmentInitiator     : Database ->
	   name : H2
	version : 2.3.232 (2024-08-11)
	  major : 2
	  minor : 3
2025-01-16T00:10:29.140+01:00 DEBUG 36632 --- [hotel_rest_tp3] [           main] o.h.e.j.e.i.JdbcEnvironmentInitiator     : Driver ->
	   name : H2 JDBC Driver
	version : 2.3.232 (2024-08-11)
	  major : 2
	  minor : 3
2025-01-16T00:10:29.140+01:00 DEBUG 36632 --- [hotel_rest_tp3] [           main] o.h.e.j.e.i.JdbcEnvironmentInitiator     : JDBC version : 4.3
2025-01-16T00:10:29.233+01:00  WARN 36632 --- [hotel_rest_tp3] [           main] org.hibernate.orm.deprecation            : HHH90000025: H2Dialect does not need to be specified explicitly using 'hibernate.dialect' (remove the property setting and it will be selected by default)
2025-01-16T00:10:29.238+01:00 DEBUG 36632 --- [hotel_rest_tp3] [           main] org.hibernate.orm.dialect                : HHH035001: Using dialect: org.hibernate.dialect.H2Dialect, version: 2.3.232
2025-01-16T00:10:29.255+01:00 DEBUG 36632 --- [hotel_rest_tp3] [           main] o.h.e.j.env.spi.IdentifierHelperBuilder  : JDBC driver metadata reported database stores quoted identifiers in neither upper, lower nor mixed case
2025-01-16T00:10:29.350+01:00  INFO 36632 --- [hotel_rest_tp3] [           main] org.hibernate.orm.connections.pooling    : HHH10001005: Database info:
	Database JDBC URL [Connecting through datasource 'HikariDataSource (HikariPool-1)']
	Database driver: undefined/unknown
	Database version: 2.3.232
	Autocommit mode: undefined/unknown
	Isolation level: undefined/unknown
	Minimum pool size: undefined/unknown
	Maximum pool size: undefined/unknown
2025-01-16T00:10:29.422+01:00 DEBUG 36632 --- [hotel_rest_tp3] [           main] o.h.t.d.jdbc.spi.JdbcTypeRegistry        : addDescriptor(NCharTypeDescriptor) replaced previous registration(CharTypeDescriptor)
2025-01-16T00:10:29.422+01:00 DEBUG 36632 --- [hotel_rest_tp3] [           main] o.h.t.d.jdbc.spi.JdbcTypeRegistry        : addDescriptor(NVarcharTypeDescriptor) replaced previous registration(VarcharTypeDescriptor)
2025-01-16T00:10:29.425+01:00 DEBUG 36632 --- [hotel_rest_tp3] [           main] o.h.t.d.jdbc.spi.JdbcTypeRegistry        : addDescriptor(LongNVarcharTypeDescriptor) replaced previous registration(LongVarcharTypeDescriptor)
2025-01-16T00:10:29.446+01:00 DEBUG 36632 --- [hotel_rest_tp3] [           main] o.h.t.d.jdbc.spi.JdbcTypeRegistry        : addDescriptor(NClobTypeDescriptor(DEFAULT)) replaced previous registration(ClobTypeDescriptor(DEFAULT))
2025-01-16T00:10:29.463+01:00 DEBUG 36632 --- [hotel_rest_tp3] [           main] o.h.t.d.jdbc.spi.JdbcTypeRegistry        : addDescriptor(TimestampUtcDescriptor) replaced previous registration(TimestampUtcDescriptor)
2025-01-16T00:10:29.511+01:00 DEBUG 36632 --- [hotel_rest_tp3] [           main] org.hibernate.type.BasicTypeRegistry     : Adding type registration org.hibernate.type.DurationType -> basicType@1(java.time.Duration,3015)
2025-01-16T00:10:29.511+01:00 DEBUG 36632 --- [hotel_rest_tp3] [           main] org.hibernate.type.BasicTypeRegistry     : Adding type registration Duration -> basicType@1(java.time.Duration,3015)
2025-01-16T00:10:29.512+01:00 DEBUG 36632 --- [hotel_rest_tp3] [           main] org.hibernate.type.BasicTypeRegistry     : Adding type registration java.time.Duration -> basicType@1(java.time.Duration,3015)
2025-01-16T00:10:29.553+01:00 DEBUG 36632 --- [hotel_rest_tp3] [           main] o.h.type.spi.TypeConfiguration$Scope     : Scoping TypeConfiguration [org.hibernate.type.spi.TypeConfiguration@59f3426f] to MetadataBuildingContext [org.hibernate.boot.internal.MetadataBuildingContextRootImpl@120411ec]
2025-01-16T00:10:29.813+01:00 DEBUG 36632 --- [hotel_rest_tp3] [           main] o.h.boot.model.relational.Namespace      : Created database namespace [logicalName=Name{catalog=null, schema=null}, physicalName=Name{catalog=null, schema=null}]
2025-01-16T00:10:29.951+01:00 DEBUG 36632 --- [hotel_rest_tp3] [           main] o.h.boot.model.internal.EntityBinder     : Binding entity from annotated class: hotel.rest.models.Adresse
2025-01-16T00:10:30.028+01:00 DEBUG 36632 --- [hotel_rest_tp3] [           main] o.h.boot.model.internal.EntityBinder     : Import with entity name Adresse
2025-01-16T00:10:30.088+01:00 DEBUG 36632 --- [hotel_rest_tp3] [           main] o.h.boot.model.internal.EntityBinder     : Bind entity hotel.rest.models.Adresse on table adresse
2025-01-16T00:10:30.177+01:00 DEBUG 36632 --- [hotel_rest_tp3] [           main] o.h.boot.model.internal.AnnotatedColumn  : Binding column: AnnotatedDiscriminatorColumn(column='DTYPE')
2025-01-16T00:10:30.263+01:00 DEBUG 36632 --- [hotel_rest_tp3] [           main] o.h.boot.model.internal.AnnotatedColumn  : Binding column: AnnotatedColumn()
2025-01-16T00:10:30.269+01:00 DEBUG 36632 --- [hotel_rest_tp3] [           main] o.h.boot.internal.ClassLoaderAccessImpl  : Not known whether passed class name [hotel.rest.models.Adresse] is safe
2025-01-16T00:10:30.269+01:00 DEBUG 36632 --- [hotel_rest_tp3] [           main] o.h.boot.internal.ClassLoaderAccessImpl  : No temp ClassLoader provided; using live ClassLoader for loading potentially unsafe class : hotel.rest.models.Adresse
2025-01-16T00:10:30.283+01:00 DEBUG 36632 --- [hotel_rest_tp3] [           main] o.h.boot.model.internal.PropertyBinder   : MetadataSourceProcessor property id with lazy=false
2025-01-16T00:10:30.309+01:00 DEBUG 36632 --- [hotel_rest_tp3] [           main] o.h.b.m.internal.AbstractPropertyHolder  : Attempting to locate auto-apply AttributeConverter for property [hotel.rest.models.Adresse:id]
2025-01-16T00:10:30.333+01:00 DEBUG 36632 --- [hotel_rest_tp3] [           main] o.h.b.model.internal.BasicValueBinder    : building BasicValue for id
2025-01-16T00:10:30.344+01:00 DEBUG 36632 --- [hotel_rest_tp3] [           main] org.hibernate.mapping.BasicValue         : Skipping column re-registration: adresse.id
2025-01-16T00:10:30.347+01:00 DEBUG 36632 --- [hotel_rest_tp3] [           main] o.h.boot.model.internal.PropertyBinder   : Building property id
2025-01-16T00:10:30.369+01:00 DEBUG 36632 --- [hotel_rest_tp3] [           main] o.h.boot.model.internal.BinderHelper     : #makeIdGenerator(BasicValue([Column(id)]), id, org.hibernate.id.enhanced.SequenceStyleGenerator, , ...)
2025-01-16T00:10:30.372+01:00 DEBUG 36632 --- [hotel_rest_tp3] [           main] o.h.boot.model.internal.AnnotatedColumn  : Binding column: AnnotatedColumn()
2025-01-16T00:10:30.373+01:00 DEBUG 36632 --- [hotel_rest_tp3] [           main] o.h.boot.model.internal.PropertyBinder   : MetadataSourceProcessor property codePostal with lazy=false
2025-01-16T00:10:30.373+01:00 DEBUG 36632 --- [hotel_rest_tp3] [           main] o.h.b.m.internal.AbstractPropertyHolder  : Attempting to locate auto-apply AttributeConverter for property [hotel.rest.models.Adresse:codePostal]
2025-01-16T00:10:30.373+01:00 DEBUG 36632 --- [hotel_rest_tp3] [           main] o.h.b.model.internal.BasicValueBinder    : building BasicValue for codePostal
2025-01-16T00:10:30.373+01:00 DEBUG 36632 --- [hotel_rest_tp3] [           main] org.hibernate.mapping.BasicValue         : Skipping column re-registration: adresse.code_postal
2025-01-16T00:10:30.374+01:00 DEBUG 36632 --- [hotel_rest_tp3] [           main] o.h.boot.model.internal.PropertyBinder   : Building property codePostal
2025-01-16T00:10:30.374+01:00 DEBUG 36632 --- [hotel_rest_tp3] [           main] o.h.boot.model.internal.AnnotatedColumn  : Binding column: AnnotatedColumn()
2025-01-16T00:10:30.374+01:00 DEBUG 36632 --- [hotel_rest_tp3] [           main] o.h.boot.model.internal.PropertyBinder   : MetadataSourceProcessor property numero with lazy=false
2025-01-16T00:10:30.374+01:00 DEBUG 36632 --- [hotel_rest_tp3] [           main] o.h.b.m.internal.AbstractPropertyHolder  : Attempting to locate auto-apply AttributeConverter for property [hotel.rest.models.Adresse:numero]
2025-01-16T00:10:30.375+01:00 DEBUG 36632 --- [hotel_rest_tp3] [           main] o.h.b.model.internal.BasicValueBinder    : building BasicValue for numero
2025-01-16T00:10:30.375+01:00 DEBUG 36632 --- [hotel_rest_tp3] [           main] org.hibernate.mapping.BasicValue         : Skipping column re-registration: adresse.numero
2025-01-16T00:10:30.375+01:00 DEBUG 36632 --- [hotel_rest_tp3] [           main] o.h.boot.model.internal.PropertyBinder   : Building property numero
2025-01-16T00:10:30.375+01:00 DEBUG 36632 --- [hotel_rest_tp3] [           main] o.h.boot.model.internal.AnnotatedColumn  : Binding column: AnnotatedColumn()
2025-01-16T00:10:30.375+01:00 DEBUG 36632 --- [hotel_rest_tp3] [           main] o.h.boot.model.internal.PropertyBinder   : MetadataSourceProcessor property pays with lazy=false
2025-01-16T00:10:30.375+01:00 DEBUG 36632 --- [hotel_rest_tp3] [           main] o.h.b.m.internal.AbstractPropertyHolder  : Attempting to locate auto-apply AttributeConverter for property [hotel.rest.models.Adresse:pays]
2025-01-16T00:10:30.375+01:00 DEBUG 36632 --- [hotel_rest_tp3] [           main] o.h.b.model.internal.BasicValueBinder    : building BasicValue for pays
2025-01-16T00:10:30.375+01:00 DEBUG 36632 --- [hotel_rest_tp3] [           main] org.hibernate.mapping.BasicValue         : Skipping column re-registration: adresse.pays
2025-01-16T00:10:30.375+01:00 DEBUG 36632 --- [hotel_rest_tp3] [           main] o.h.boot.model.internal.PropertyBinder   : Building property pays
2025-01-16T00:10:30.376+01:00 DEBUG 36632 --- [hotel_rest_tp3] [           main] o.h.boot.model.internal.AnnotatedColumn  : Binding column: AnnotatedColumn()
2025-01-16T00:10:30.376+01:00 DEBUG 36632 --- [hotel_rest_tp3] [           main] o.h.boot.model.internal.PropertyBinder   : MetadataSourceProcessor property rue with lazy=false
2025-01-16T00:10:30.376+01:00 DEBUG 36632 --- [hotel_rest_tp3] [           main] o.h.b.m.internal.AbstractPropertyHolder  : Attempting to locate auto-apply AttributeConverter for property [hotel.rest.models.Adresse:rue]
2025-01-16T00:10:30.376+01:00 DEBUG 36632 --- [hotel_rest_tp3] [           main] o.h.b.model.internal.BasicValueBinder    : building BasicValue for rue
2025-01-16T00:10:30.376+01:00 DEBUG 36632 --- [hotel_rest_tp3] [           main] org.hibernate.mapping.BasicValue         : Skipping column re-registration: adresse.rue
2025-01-16T00:10:30.376+01:00 DEBUG 36632 --- [hotel_rest_tp3] [           main] o.h.boot.model.internal.PropertyBinder   : Building property rue
2025-01-16T00:10:30.377+01:00 DEBUG 36632 --- [hotel_rest_tp3] [           main] o.h.boot.model.internal.AnnotatedColumn  : Binding column: AnnotatedColumn()
2025-01-16T00:10:30.377+01:00 DEBUG 36632 --- [hotel_rest_tp3] [           main] o.h.boot.model.internal.PropertyBinder   : MetadataSourceProcessor property ville with lazy=false
2025-01-16T00:10:30.377+01:00 DEBUG 36632 --- [hotel_rest_tp3] [           main] o.h.b.m.internal.AbstractPropertyHolder  : Attempting to locate auto-apply AttributeConverter for property [hotel.rest.models.Adresse:ville]
2025-01-16T00:10:30.377+01:00 DEBUG 36632 --- [hotel_rest_tp3] [           main] o.h.b.model.internal.BasicValueBinder    : building BasicValue for ville
2025-01-16T00:10:30.377+01:00 DEBUG 36632 --- [hotel_rest_tp3] [           main] org.hibernate.mapping.BasicValue         : Skipping column re-registration: adresse.ville
2025-01-16T00:10:30.377+01:00 DEBUG 36632 --- [hotel_rest_tp3] [           main] o.h.boot.model.internal.PropertyBinder   : Building property ville
2025-01-16T00:10:30.394+01:00 DEBUG 36632 --- [hotel_rest_tp3] [           main] o.h.b.r.c.i.ClassLoaderServiceImpl       : HHH000194: Package not found or no package-info.java: hotel.rest.models
2025-01-16T00:10:30.425+01:00 DEBUG 36632 --- [hotel_rest_tp3] [           main] o.h.boot.model.internal.EntityBinder     : Binding entity from annotated class: hotel.rest.models.Chambre
2025-01-16T00:10:30.425+01:00 DEBUG 36632 --- [hotel_rest_tp3] [           main] o.h.boot.model.internal.EntityBinder     : Import with entity name Chambre
2025-01-16T00:10:30.426+01:00 DEBUG 36632 --- [hotel_rest_tp3] [           main] o.h.boot.model.internal.EntityBinder     : Bind entity hotel.rest.models.Chambre on table chambre
2025-01-16T00:10:30.426+01:00 DEBUG 36632 --- [hotel_rest_tp3] [           main] o.h.boot.model.internal.AnnotatedColumn  : Binding column: AnnotatedDiscriminatorColumn(column='DTYPE')
2025-01-16T00:10:30.447+01:00 DEBUG 36632 --- [hotel_rest_tp3] [           main] o.h.boot.model.internal.AnnotatedColumn  : Binding column: AnnotatedColumn()
2025-01-16T00:10:30.447+01:00 DEBUG 36632 --- [hotel_rest_tp3] [           main] o.h.boot.internal.ClassLoaderAccessImpl  : Not known whether passed class name [hotel.rest.models.Chambre] is safe
2025-01-16T00:10:30.447+01:00 DEBUG 36632 --- [hotel_rest_tp3] [           main] o.h.boot.internal.ClassLoaderAccessImpl  : No temp ClassLoader provided; using live ClassLoader for loading potentially unsafe class : hotel.rest.models.Chambre
2025-01-16T00:10:30.447+01:00 DEBUG 36632 --- [hotel_rest_tp3] [           main] o.h.boot.model.internal.PropertyBinder   : MetadataSourceProcessor property id with lazy=false
2025-01-16T00:10:30.447+01:00 DEBUG 36632 --- [hotel_rest_tp3] [           main] o.h.b.m.internal.AbstractPropertyHolder  : Attempting to locate auto-apply AttributeConverter for property [hotel.rest.models.Chambre:id]
2025-01-16T00:10:30.447+01:00 DEBUG 36632 --- [hotel_rest_tp3] [           main] o.h.b.model.internal.BasicValueBinder    : building BasicValue for id
2025-01-16T00:10:30.447+01:00 DEBUG 36632 --- [hotel_rest_tp3] [           main] org.hibernate.mapping.BasicValue         : Skipping column re-registration: chambre.id
2025-01-16T00:10:30.448+01:00 DEBUG 36632 --- [hotel_rest_tp3] [           main] o.h.boot.model.internal.PropertyBinder   : Building property id
2025-01-16T00:10:30.448+01:00 DEBUG 36632 --- [hotel_rest_tp3] [           main] o.h.boot.model.internal.BinderHelper     : #makeIdGenerator(BasicValue([Column(id)]), id, org.hibernate.id.enhanced.SequenceStyleGenerator, , ...)
2025-01-16T00:10:30.448+01:00 DEBUG 36632 --- [hotel_rest_tp3] [           main] o.h.boot.model.internal.AnnotatedColumn  : Binding column: AnnotatedColumn()
2025-01-16T00:10:30.451+01:00 DEBUG 36632 --- [hotel_rest_tp3] [           main] o.h.boot.model.internal.PropertyBinder   : MetadataSourceProcessor property dateReservee with lazy=false
2025-01-16T00:10:30.451+01:00 DEBUG 36632 --- [hotel_rest_tp3] [           main] o.h.b.m.internal.AbstractPropertyHolder  : Attempting to locate auto-apply AttributeConverter for property [hotel.rest.models.Chambre:dateReservee]
2025-01-16T00:10:30.454+01:00 DEBUG 36632 --- [hotel_rest_tp3] [           main] o.h.b.model.internal.BasicValueBinder    : building BasicValue for dateReservee
2025-01-16T00:10:30.455+01:00 DEBUG 36632 --- [hotel_rest_tp3] [           main] org.hibernate.mapping.BasicValue         : Skipping column re-registration: chambre.date_reservee
2025-01-16T00:10:30.455+01:00 DEBUG 36632 --- [hotel_rest_tp3] [           main] o.h.boot.model.internal.PropertyBinder   : Building property dateReservee
2025-01-16T00:10:30.455+01:00 DEBUG 36632 --- [hotel_rest_tp3] [           main] o.h.boot.model.internal.AnnotatedColumn  : Binding column: AnnotatedColumn()
2025-01-16T00:10:30.455+01:00 DEBUG 36632 --- [hotel_rest_tp3] [           main] o.h.boot.model.internal.PropertyBinder   : MetadataSourceProcessor property nombreLit with lazy=false
2025-01-16T00:10:30.456+01:00 DEBUG 36632 --- [hotel_rest_tp3] [           main] o.h.b.m.internal.AbstractPropertyHolder  : Attempting to locate auto-apply AttributeConverter for property [hotel.rest.models.Chambre:nombreLit]
2025-01-16T00:10:30.456+01:00 DEBUG 36632 --- [hotel_rest_tp3] [           main] o.h.b.model.internal.BasicValueBinder    : building BasicValue for nombreLit
2025-01-16T00:10:30.456+01:00 DEBUG 36632 --- [hotel_rest_tp3] [           main] org.hibernate.mapping.BasicValue         : Skipping column re-registration: chambre.nombre_lit
2025-01-16T00:10:30.456+01:00 DEBUG 36632 --- [hotel_rest_tp3] [           main] o.h.boot.model.internal.PropertyBinder   : Building property nombreLit
2025-01-16T00:10:30.457+01:00 DEBUG 36632 --- [hotel_rest_tp3] [           main] o.h.boot.model.internal.AnnotatedColumn  : Binding column: AnnotatedColumn()
2025-01-16T00:10:30.457+01:00 DEBUG 36632 --- [hotel_rest_tp3] [           main] o.h.boot.model.internal.PropertyBinder   : MetadataSourceProcessor property prix with lazy=false
2025-01-16T00:10:30.457+01:00 DEBUG 36632 --- [hotel_rest_tp3] [           main] o.h.b.m.internal.AbstractPropertyHolder  : Attempting to locate auto-apply AttributeConverter for property [hotel.rest.models.Chambre:prix]
2025-01-16T00:10:30.457+01:00 DEBUG 36632 --- [hotel_rest_tp3] [           main] o.h.b.model.internal.BasicValueBinder    : building BasicValue for prix
2025-01-16T00:10:30.457+01:00 DEBUG 36632 --- [hotel_rest_tp3] [           main] org.hibernate.mapping.BasicValue         : Skipping column re-registration: chambre.prix
2025-01-16T00:10:30.457+01:00 DEBUG 36632 --- [hotel_rest_tp3] [           main] o.h.boot.model.internal.PropertyBinder   : Building property prix
2025-01-16T00:10:30.463+01:00 DEBUG 36632 --- [hotel_rest_tp3] [           main] o.h.boot.model.internal.AnnotatedColumn  : Binding column: AnnotatedJoinColumn(column='reservation_id')
2025-01-16T00:10:30.463+01:00 DEBUG 36632 --- [hotel_rest_tp3] [           main] o.h.boot.model.internal.AnnotatedColumn  : Binding column: AnnotatedColumn()
2025-01-16T00:10:30.544+01:00 DEBUG 36632 --- [hotel_rest_tp3] [           main] o.h.boot.model.internal.AnnotatedColumn  : Binding column: IndexColumn(column='reservation_ORDER')
2025-01-16T00:10:30.557+01:00 DEBUG 36632 --- [hotel_rest_tp3] [           main] o.h.boot.model.internal.AnnotatedColumn  : Binding column: AnnotatedColumn()
2025-01-16T00:10:30.563+01:00 DEBUG 36632 --- [hotel_rest_tp3] [           main] o.h.boot.model.internal.AnnotatedColumn  : Binding column: AnnotatedColumn(column='reservation_KEY')
2025-01-16T00:10:30.566+01:00 DEBUG 36632 --- [hotel_rest_tp3] [           main] o.h.boot.model.internal.AnnotatedColumn  : Binding column: AnnotatedJoinColumn(column='reservation_KEY')
2025-01-16T00:10:30.574+01:00 DEBUG 36632 --- [hotel_rest_tp3] [           main] o.h.boot.model.internal.AnnotatedColumn  : Binding column: AnnotatedJoinColumn()
2025-01-16T00:10:30.574+01:00 DEBUG 36632 --- [hotel_rest_tp3] [           main] o.h.boot.model.internal.AnnotatedColumn  : Binding column: AnnotatedJoinColumn()
2025-01-16T00:10:30.583+01:00 DEBUG 36632 --- [hotel_rest_tp3] [           main] o.h.b.model.internal.CollectionBinder    : Collection role: hotel.rest.models.Chambre.reservation
2025-01-16T00:10:30.598+01:00 DEBUG 36632 --- [hotel_rest_tp3] [           main] o.h.boot.model.internal.PropertyBinder   : Building property reservation
2025-01-16T00:10:30.599+01:00 DEBUG 36632 --- [hotel_rest_tp3] [           main] o.h.boot.model.internal.AnnotatedColumn  : Binding column: AnnotatedColumn()
2025-01-16T00:10:30.599+01:00 DEBUG 36632 --- [hotel_rest_tp3] [           main] o.h.boot.model.internal.PropertyBinder   : MetadataSourceProcessor property typeChambre with lazy=false
2025-01-16T00:10:30.599+01:00 DEBUG 36632 --- [hotel_rest_tp3] [           main] o.h.b.m.internal.AbstractPropertyHolder  : Attempting to locate auto-apply AttributeConverter for property [hotel.rest.models.Chambre:typeChambre]
2025-01-16T00:10:30.599+01:00 DEBUG 36632 --- [hotel_rest_tp3] [           main] o.h.b.model.internal.BasicValueBinder    : building BasicValue for typeChambre
2025-01-16T00:10:30.599+01:00 DEBUG 36632 --- [hotel_rest_tp3] [           main] org.hibernate.mapping.BasicValue         : Skipping column re-registration: chambre.type_chambre
2025-01-16T00:10:30.599+01:00 DEBUG 36632 --- [hotel_rest_tp3] [           main] o.h.boot.model.internal.PropertyBinder   : Building property typeChambre
2025-01-16T00:10:30.612+01:00 DEBUG 36632 --- [hotel_rest_tp3] [           main] o.h.b.r.c.i.ClassLoaderServiceImpl       : HHH000194: Package not found or no package-info.java: hotel.rest.models
2025-01-16T00:10:30.613+01:00 DEBUG 36632 --- [hotel_rest_tp3] [           main] o.h.boot.model.internal.EntityBinder     : Binding entity from annotated class: hotel.rest.models.Hotel
2025-01-16T00:10:30.614+01:00 DEBUG 36632 --- [hotel_rest_tp3] [           main] o.h.boot.model.internal.EntityBinder     : Import with entity name Hotel
2025-01-16T00:10:30.614+01:00 DEBUG 36632 --- [hotel_rest_tp3] [           main] o.h.boot.model.internal.EntityBinder     : Bind entity hotel.rest.models.Hotel on table hotel
2025-01-16T00:10:30.614+01:00 DEBUG 36632 --- [hotel_rest_tp3] [           main] o.h.boot.model.internal.AnnotatedColumn  : Binding column: AnnotatedDiscriminatorColumn(column='DTYPE')
2025-01-16T00:10:30.625+01:00 DEBUG 36632 --- [hotel_rest_tp3] [           main] o.h.boot.model.internal.AnnotatedColumn  : Binding column: AnnotatedColumn()
2025-01-16T00:10:30.626+01:00 DEBUG 36632 --- [hotel_rest_tp3] [           main] o.h.boot.internal.ClassLoaderAccessImpl  : Not known whether passed class name [hotel.rest.models.Hotel] is safe
2025-01-16T00:10:30.626+01:00 DEBUG 36632 --- [hotel_rest_tp3] [           main] o.h.boot.internal.ClassLoaderAccessImpl  : No temp ClassLoader provided; using live ClassLoader for loading potentially unsafe class : hotel.rest.models.Hotel
2025-01-16T00:10:30.626+01:00 DEBUG 36632 --- [hotel_rest_tp3] [           main] o.h.boot.model.internal.PropertyBinder   : MetadataSourceProcessor property id with lazy=false
2025-01-16T00:10:30.626+01:00 DEBUG 36632 --- [hotel_rest_tp3] [           main] o.h.b.m.internal.AbstractPropertyHolder  : Attempting to locate auto-apply AttributeConverter for property [hotel.rest.models.Hotel:id]
2025-01-16T00:10:30.626+01:00 DEBUG 36632 --- [hotel_rest_tp3] [           main] o.h.b.model.internal.BasicValueBinder    : building BasicValue for id
2025-01-16T00:10:30.626+01:00 DEBUG 36632 --- [hotel_rest_tp3] [           main] org.hibernate.mapping.BasicValue         : Skipping column re-registration: hotel.id
2025-01-16T00:10:30.626+01:00 DEBUG 36632 --- [hotel_rest_tp3] [           main] o.h.boot.model.internal.PropertyBinder   : Building property id
2025-01-16T00:10:30.626+01:00 DEBUG 36632 --- [hotel_rest_tp3] [           main] o.h.boot.model.internal.AnnotatedColumn  : Binding column: AnnotatedJoinColumn(column='adresse_id')
2025-01-16T00:10:30.627+01:00 DEBUG 36632 --- [hotel_rest_tp3] [           main] o.h.boot.model.internal.AnnotatedColumn  : Binding column: AnnotatedColumn()
2025-01-16T00:10:30.636+01:00 DEBUG 36632 --- [hotel_rest_tp3] [           main] o.h.boot.model.internal.PropertyBinder   : Building property adresse
2025-01-16T00:10:30.637+01:00 DEBUG 36632 --- [hotel_rest_tp3] [           main] o.h.boot.model.internal.AnnotatedColumn  : Binding column: AnnotatedJoinColumn(column='chambre_id')
2025-01-16T00:10:30.637+01:00 DEBUG 36632 --- [hotel_rest_tp3] [           main] o.h.boot.model.internal.AnnotatedColumn  : Binding column: AnnotatedColumn()
2025-01-16T00:10:30.637+01:00 DEBUG 36632 --- [hotel_rest_tp3] [           main] o.h.boot.model.internal.AnnotatedColumn  : Binding column: IndexColumn(column='listeChambre_ORDER')
2025-01-16T00:10:30.638+01:00 DEBUG 36632 --- [hotel_rest_tp3] [           main] o.h.boot.model.internal.AnnotatedColumn  : Binding column: AnnotatedColumn()
2025-01-16T00:10:30.638+01:00 DEBUG 36632 --- [hotel_rest_tp3] [           main] o.h.boot.model.internal.AnnotatedColumn  : Binding column: AnnotatedColumn(column='listeChambre_KEY')
2025-01-16T00:10:30.638+01:00 DEBUG 36632 --- [hotel_rest_tp3] [           main] o.h.boot.model.internal.AnnotatedColumn  : Binding column: AnnotatedJoinColumn(column='listeChambre_KEY')
2025-01-16T00:10:30.638+01:00 DEBUG 36632 --- [hotel_rest_tp3] [           main] o.h.boot.model.internal.AnnotatedColumn  : Binding column: AnnotatedJoinColumn()
2025-01-16T00:10:30.638+01:00 DEBUG 36632 --- [hotel_rest_tp3] [           main] o.h.boot.model.internal.AnnotatedColumn  : Binding column: AnnotatedJoinColumn()
2025-01-16T00:10:30.638+01:00 DEBUG 36632 --- [hotel_rest_tp3] [           main] o.h.b.model.internal.CollectionBinder    : Collection role: hotel.rest.models.Hotel.listeChambre
2025-01-16T00:10:30.638+01:00 DEBUG 36632 --- [hotel_rest_tp3] [           main] o.h.boot.model.internal.PropertyBinder   : Building property listeChambre
2025-01-16T00:10:30.638+01:00 DEBUG 36632 --- [hotel_rest_tp3] [           main] o.h.boot.model.internal.AnnotatedColumn  : Binding column: AnnotatedColumn()
2025-01-16T00:10:30.638+01:00 DEBUG 36632 --- [hotel_rest_tp3] [           main] o.h.boot.model.internal.PropertyBinder   : MetadataSourceProcessor property nom with lazy=false
2025-01-16T00:10:30.638+01:00 DEBUG 36632 --- [hotel_rest_tp3] [           main] o.h.b.m.internal.AbstractPropertyHolder  : Attempting to locate auto-apply AttributeConverter for property [hotel.rest.models.Hotel:nom]
2025-01-16T00:10:30.639+01:00 DEBUG 36632 --- [hotel_rest_tp3] [           main] o.h.b.model.internal.BasicValueBinder    : building BasicValue for nom
2025-01-16T00:10:30.639+01:00 DEBUG 36632 --- [hotel_rest_tp3] [           main] org.hibernate.mapping.BasicValue         : Skipping column re-registration: hotel.nom
2025-01-16T00:10:30.639+01:00 DEBUG 36632 --- [hotel_rest_tp3] [           main] o.h.boot.model.internal.PropertyBinder   : Building property nom
2025-01-16T00:10:30.639+01:00 DEBUG 36632 --- [hotel_rest_tp3] [           main] o.h.boot.model.internal.AnnotatedColumn  : Binding column: AnnotatedColumn()
2025-01-16T00:10:30.639+01:00 DEBUG 36632 --- [hotel_rest_tp3] [           main] o.h.boot.model.internal.PropertyBinder   : MetadataSourceProcessor property nombreEtoile with lazy=false
2025-01-16T00:10:30.639+01:00 DEBUG 36632 --- [hotel_rest_tp3] [           main] o.h.b.m.internal.AbstractPropertyHolder  : Attempting to locate auto-apply AttributeConverter for property [hotel.rest.models.Hotel:nombreEtoile]
2025-01-16T00:10:30.639+01:00 DEBUG 36632 --- [hotel_rest_tp3] [           main] o.h.b.model.internal.BasicValueBinder    : building BasicValue for nombreEtoile
2025-01-16T00:10:30.639+01:00 DEBUG 36632 --- [hotel_rest_tp3] [           main] org.hibernate.mapping.BasicValue         : Skipping column re-registration: hotel.nombre_etoile
2025-01-16T00:10:30.639+01:00 DEBUG 36632 --- [hotel_rest_tp3] [           main] o.h.boot.model.internal.PropertyBinder   : Building property nombreEtoile
2025-01-16T00:10:30.651+01:00 DEBUG 36632 --- [hotel_rest_tp3] [           main] o.h.b.r.c.i.ClassLoaderServiceImpl       : HHH000194: Package not found or no package-info.java: hotel.rest.models
2025-01-16T00:10:30.653+01:00 DEBUG 36632 --- [hotel_rest_tp3] [           main] o.h.boot.model.internal.EntityBinder     : Binding entity from annotated class: hotel.rest.models.Personne
2025-01-16T00:10:30.653+01:00 DEBUG 36632 --- [hotel_rest_tp3] [           main] o.h.boot.model.internal.EntityBinder     : Import with entity name Personne
2025-01-16T00:10:30.653+01:00 DEBUG 36632 --- [hotel_rest_tp3] [           main] o.h.boot.model.internal.EntityBinder     : Bind entity hotel.rest.models.Personne on table personne
2025-01-16T00:10:30.654+01:00 DEBUG 36632 --- [hotel_rest_tp3] [           main] o.h.boot.model.internal.AnnotatedColumn  : Binding column: AnnotatedDiscriminatorColumn(column='DTYPE')
2025-01-16T00:10:30.667+01:00 DEBUG 36632 --- [hotel_rest_tp3] [           main] o.h.boot.model.internal.AnnotatedColumn  : Binding column: AnnotatedColumn()
2025-01-16T00:10:30.668+01:00 DEBUG 36632 --- [hotel_rest_tp3] [           main] o.h.boot.internal.ClassLoaderAccessImpl  : Not known whether passed class name [hotel.rest.models.Personne] is safe
2025-01-16T00:10:30.668+01:00 DEBUG 36632 --- [hotel_rest_tp3] [           main] o.h.boot.internal.ClassLoaderAccessImpl  : No temp ClassLoader provided; using live ClassLoader for loading potentially unsafe class : hotel.rest.models.Personne
2025-01-16T00:10:30.668+01:00 DEBUG 36632 --- [hotel_rest_tp3] [           main] o.h.boot.model.internal.PropertyBinder   : MetadataSourceProcessor property id with lazy=false
2025-01-16T00:10:30.668+01:00 DEBUG 36632 --- [hotel_rest_tp3] [           main] o.h.b.m.internal.AbstractPropertyHolder  : Attempting to locate auto-apply AttributeConverter for property [hotel.rest.models.Personne:id]
2025-01-16T00:10:30.668+01:00 DEBUG 36632 --- [hotel_rest_tp3] [           main] o.h.b.model.internal.BasicValueBinder    : building BasicValue for id
2025-01-16T00:10:30.668+01:00 DEBUG 36632 --- [hotel_rest_tp3] [           main] org.hibernate.mapping.BasicValue         : Skipping column re-registration: personne.id
2025-01-16T00:10:30.668+01:00 DEBUG 36632 --- [hotel_rest_tp3] [           main] o.h.boot.model.internal.PropertyBinder   : Building property id
2025-01-16T00:10:30.668+01:00 DEBUG 36632 --- [hotel_rest_tp3] [           main] o.h.boot.model.internal.BinderHelper     : #makeIdGenerator(BasicValue([Column(id)]), id, org.hibernate.id.enhanced.SequenceStyleGenerator, , ...)
2025-01-16T00:10:30.668+01:00 DEBUG 36632 --- [hotel_rest_tp3] [           main] o.h.boot.model.internal.AnnotatedColumn  : Binding column: AnnotatedJoinColumn(column='adresse_id')
2025-01-16T00:10:30.668+01:00 DEBUG 36632 --- [hotel_rest_tp3] [           main] o.h.boot.model.internal.AnnotatedColumn  : Binding column: AnnotatedColumn()
2025-01-16T00:10:30.669+01:00 DEBUG 36632 --- [hotel_rest_tp3] [           main] o.h.boot.model.internal.PropertyBinder   : Building property adressePersonne
2025-01-16T00:10:30.669+01:00 DEBUG 36632 --- [hotel_rest_tp3] [           main] o.h.boot.model.internal.AnnotatedColumn  : Binding column: AnnotatedColumn()
2025-01-16T00:10:30.669+01:00 DEBUG 36632 --- [hotel_rest_tp3] [           main] o.h.boot.model.internal.PropertyBinder   : MetadataSourceProcessor property age with lazy=false
2025-01-16T00:10:30.669+01:00 DEBUG 36632 --- [hotel_rest_tp3] [           main] o.h.b.m.internal.AbstractPropertyHolder  : Attempting to locate auto-apply AttributeConverter for property [hotel.rest.models.Personne:age]
2025-01-16T00:10:30.669+01:00 DEBUG 36632 --- [hotel_rest_tp3] [           main] o.h.b.model.internal.BasicValueBinder    : building BasicValue for age
2025-01-16T00:10:30.669+01:00 DEBUG 36632 --- [hotel_rest_tp3] [           main] org.hibernate.mapping.BasicValue         : Skipping column re-registration: personne.age
2025-01-16T00:10:30.669+01:00 DEBUG 36632 --- [hotel_rest_tp3] [           main] o.h.boot.model.internal.PropertyBinder   : Building property age
2025-01-16T00:10:30.670+01:00 DEBUG 36632 --- [hotel_rest_tp3] [           main] o.h.boot.model.internal.AnnotatedColumn  : Binding column: AnnotatedColumn()
2025-01-16T00:10:30.670+01:00 DEBUG 36632 --- [hotel_rest_tp3] [           main] o.h.boot.model.internal.PropertyBinder   : MetadataSourceProcessor property nationalite with lazy=false
2025-01-16T00:10:30.670+01:00 DEBUG 36632 --- [hotel_rest_tp3] [           main] o.h.b.m.internal.AbstractPropertyHolder  : Attempting to locate auto-apply AttributeConverter for property [hotel.rest.models.Personne:nationalite]
2025-01-16T00:10:30.670+01:00 DEBUG 36632 --- [hotel_rest_tp3] [           main] o.h.b.model.internal.BasicValueBinder    : building BasicValue for nationalite
2025-01-16T00:10:30.670+01:00 DEBUG 36632 --- [hotel_rest_tp3] [           main] org.hibernate.mapping.BasicValue         : Skipping column re-registration: personne.nationalite
2025-01-16T00:10:30.670+01:00 DEBUG 36632 --- [hotel_rest_tp3] [           main] o.h.boot.model.internal.PropertyBinder   : Building property nationalite
2025-01-16T00:10:30.670+01:00 DEBUG 36632 --- [hotel_rest_tp3] [           main] o.h.boot.model.internal.AnnotatedColumn  : Binding column: AnnotatedColumn()
2025-01-16T00:10:30.671+01:00 DEBUG 36632 --- [hotel_rest_tp3] [           main] o.h.boot.model.internal.PropertyBinder   : MetadataSourceProcessor property nom with lazy=false
2025-01-16T00:10:30.671+01:00 DEBUG 36632 --- [hotel_rest_tp3] [           main] o.h.b.m.internal.AbstractPropertyHolder  : Attempting to locate auto-apply AttributeConverter for property [hotel.rest.models.Personne:nom]
2025-01-16T00:10:30.671+01:00 DEBUG 36632 --- [hotel_rest_tp3] [           main] o.h.b.model.internal.BasicValueBinder    : building BasicValue for nom
2025-01-16T00:10:30.671+01:00 DEBUG 36632 --- [hotel_rest_tp3] [           main] org.hibernate.mapping.BasicValue         : Skipping column re-registration: personne.nom
2025-01-16T00:10:30.671+01:00 DEBUG 36632 --- [hotel_rest_tp3] [           main] o.h.boot.model.internal.PropertyBinder   : Building property nom
2025-01-16T00:10:30.671+01:00 DEBUG 36632 --- [hotel_rest_tp3] [           main] o.h.boot.model.internal.AnnotatedColumn  : Binding column: AnnotatedColumn()
2025-01-16T00:10:30.671+01:00 DEBUG 36632 --- [hotel_rest_tp3] [           main] o.h.boot.model.internal.PropertyBinder   : MetadataSourceProcessor property prenom with lazy=false
2025-01-16T00:10:30.671+01:00 DEBUG 36632 --- [hotel_rest_tp3] [           main] o.h.b.m.internal.AbstractPropertyHolder  : Attempting to locate auto-apply AttributeConverter for property [hotel.rest.models.Personne:prenom]
2025-01-16T00:10:30.671+01:00 DEBUG 36632 --- [hotel_rest_tp3] [           main] o.h.b.model.internal.BasicValueBinder    : building BasicValue for prenom
2025-01-16T00:10:30.671+01:00 DEBUG 36632 --- [hotel_rest_tp3] [           main] org.hibernate.mapping.BasicValue         : Skipping column re-registration: personne.prenom
2025-01-16T00:10:30.671+01:00 DEBUG 36632 --- [hotel_rest_tp3] [           main] o.h.boot.model.internal.PropertyBinder   : Building property prenom
2025-01-16T00:10:30.672+01:00 DEBUG 36632 --- [hotel_rest_tp3] [           main] o.h.boot.model.internal.AnnotatedColumn  : Binding column: AnnotatedJoinColumn(column='reservation_id')
2025-01-16T00:10:30.672+01:00 DEBUG 36632 --- [hotel_rest_tp3] [           main] o.h.boot.model.internal.AnnotatedColumn  : Binding column: AnnotatedColumn()
2025-01-16T00:10:30.672+01:00 DEBUG 36632 --- [hotel_rest_tp3] [           main] o.h.boot.model.internal.PropertyBinder   : Building property reservation
2025-01-16T00:10:30.688+01:00 DEBUG 36632 --- [hotel_rest_tp3] [           main] o.h.b.r.c.i.ClassLoaderServiceImpl       : HHH000194: Package not found or no package-info.java: hotel.rest.models
2025-01-16T00:10:30.689+01:00 DEBUG 36632 --- [hotel_rest_tp3] [           main] o.h.boot.model.internal.EntityBinder     : Binding entity from annotated class: hotel.rest.models.Reservation
2025-01-16T00:10:30.689+01:00 DEBUG 36632 --- [hotel_rest_tp3] [           main] o.h.boot.model.internal.EntityBinder     : Import with entity name Reservation
2025-01-16T00:10:30.689+01:00 DEBUG 36632 --- [hotel_rest_tp3] [           main] o.h.boot.model.internal.EntityBinder     : Bind entity hotel.rest.models.Reservation on table reservation
2025-01-16T00:10:30.689+01:00 DEBUG 36632 --- [hotel_rest_tp3] [           main] o.h.boot.model.internal.AnnotatedColumn  : Binding column: AnnotatedDiscriminatorColumn(column='DTYPE')
2025-01-16T00:10:30.691+01:00 DEBUG 36632 --- [hotel_rest_tp3] [           main] o.h.boot.model.internal.AnnotatedColumn  : Binding column: AnnotatedColumn()
2025-01-16T00:10:30.692+01:00 DEBUG 36632 --- [hotel_rest_tp3] [           main] o.h.boot.internal.ClassLoaderAccessImpl  : Not known whether passed class name [hotel.rest.models.Reservation] is safe
2025-01-16T00:10:30.692+01:00 DEBUG 36632 --- [hotel_rest_tp3] [           main] o.h.boot.internal.ClassLoaderAccessImpl  : No temp ClassLoader provided; using live ClassLoader for loading potentially unsafe class : hotel.rest.models.Reservation
2025-01-16T00:10:30.692+01:00 DEBUG 36632 --- [hotel_rest_tp3] [           main] o.h.boot.model.internal.PropertyBinder   : MetadataSourceProcessor property numeroReservation with lazy=false
2025-01-16T00:10:30.692+01:00 DEBUG 36632 --- [hotel_rest_tp3] [           main] o.h.b.m.internal.AbstractPropertyHolder  : Attempting to locate auto-apply AttributeConverter for property [hotel.rest.models.Reservation:numeroReservation]
2025-01-16T00:10:30.693+01:00 DEBUG 36632 --- [hotel_rest_tp3] [           main] o.h.b.model.internal.BasicValueBinder    : building BasicValue for numeroReservation
2025-01-16T00:10:30.693+01:00 DEBUG 36632 --- [hotel_rest_tp3] [           main] org.hibernate.mapping.BasicValue         : Skipping column re-registration: reservation.numero_reservation
2025-01-16T00:10:30.693+01:00 DEBUG 36632 --- [hotel_rest_tp3] [           main] o.h.boot.model.internal.PropertyBinder   : Building property numeroReservation
2025-01-16T00:10:30.694+01:00 DEBUG 36632 --- [hotel_rest_tp3] [           main] o.h.boot.model.internal.BinderHelper     : #makeIdGenerator(BasicValue([Column(numero_reservation)]), numeroReservation, org.hibernate.id.enhanced.SequenceStyleGenerator, , ...)
2025-01-16T00:10:30.694+01:00 DEBUG 36632 --- [hotel_rest_tp3] [           main] o.h.boot.model.internal.AnnotatedColumn  : Binding column: AnnotatedJoinColumn(column='chambre_id')
2025-01-16T00:10:30.695+01:00 DEBUG 36632 --- [hotel_rest_tp3] [           main] o.h.boot.model.internal.AnnotatedColumn  : Binding column: AnnotatedColumn()
2025-01-16T00:10:30.696+01:00 DEBUG 36632 --- [hotel_rest_tp3] [           main] o.h.boot.model.internal.PropertyBinder   : Building property chambreReservee
2025-01-16T00:10:30.696+01:00 DEBUG 36632 --- [hotel_rest_tp3] [           main] o.h.boot.model.internal.AnnotatedColumn  : Binding column: AnnotatedJoinColumn(column='personne_id')
2025-01-16T00:10:30.697+01:00 DEBUG 36632 --- [hotel_rest_tp3] [           main] o.h.boot.model.internal.AnnotatedColumn  : Binding column: AnnotatedColumn()
2025-01-16T00:10:30.697+01:00 DEBUG 36632 --- [hotel_rest_tp3] [           main] o.h.boot.model.internal.PropertyBinder   : Building property client
2025-01-16T00:10:30.698+01:00 DEBUG 36632 --- [hotel_rest_tp3] [           main] o.h.boot.model.internal.AnnotatedColumn  : Binding column: AnnotatedColumn()
2025-01-16T00:10:30.698+01:00 DEBUG 36632 --- [hotel_rest_tp3] [           main] o.h.boot.model.internal.PropertyBinder   : MetadataSourceProcessor property dateEntree with lazy=false
2025-01-16T00:10:30.698+01:00 DEBUG 36632 --- [hotel_rest_tp3] [           main] o.h.b.m.internal.AbstractPropertyHolder  : Attempting to locate auto-apply AttributeConverter for property [hotel.rest.models.Reservation:dateEntree]
2025-01-16T00:10:30.699+01:00 DEBUG 36632 --- [hotel_rest_tp3] [           main] o.h.b.model.internal.BasicValueBinder    : building BasicValue for dateEntree
2025-01-16T00:10:30.699+01:00 DEBUG 36632 --- [hotel_rest_tp3] [           main] org.hibernate.mapping.BasicValue         : Skipping column re-registration: reservation.date_entree
2025-01-16T00:10:30.700+01:00 DEBUG 36632 --- [hotel_rest_tp3] [           main] o.h.boot.model.internal.PropertyBinder   : Building property dateEntree
2025-01-16T00:10:30.700+01:00 DEBUG 36632 --- [hotel_rest_tp3] [           main] o.h.boot.model.internal.AnnotatedColumn  : Binding column: AnnotatedColumn()
2025-01-16T00:10:30.701+01:00 DEBUG 36632 --- [hotel_rest_tp3] [           main] o.h.boot.model.internal.PropertyBinder   : MetadataSourceProcessor property dateReservee with lazy=false
2025-01-16T00:10:30.701+01:00 DEBUG 36632 --- [hotel_rest_tp3] [           main] o.h.b.m.internal.AbstractPropertyHolder  : Attempting to locate auto-apply AttributeConverter for property [hotel.rest.models.Reservation:dateReservee]
2025-01-16T00:10:30.701+01:00 DEBUG 36632 --- [hotel_rest_tp3] [           main] o.h.b.model.internal.BasicValueBinder    : building BasicValue for dateReservee
2025-01-16T00:10:30.701+01:00 DEBUG 36632 --- [hotel_rest_tp3] [           main] org.hibernate.mapping.BasicValue         : Skipping column re-registration: reservation.date_reservee
2025-01-16T00:10:30.701+01:00 DEBUG 36632 --- [hotel_rest_tp3] [           main] o.h.boot.model.internal.PropertyBinder   : Building property dateReservee
2025-01-16T00:10:30.702+01:00 DEBUG 36632 --- [hotel_rest_tp3] [           main] o.h.boot.model.internal.AnnotatedColumn  : Binding column: AnnotatedColumn()
2025-01-16T00:10:30.702+01:00 DEBUG 36632 --- [hotel_rest_tp3] [           main] o.h.boot.model.internal.PropertyBinder   : MetadataSourceProcessor property dateSortie with lazy=false
2025-01-16T00:10:30.702+01:00 DEBUG 36632 --- [hotel_rest_tp3] [           main] o.h.b.m.internal.AbstractPropertyHolder  : Attempting to locate auto-apply AttributeConverter for property [hotel.rest.models.Reservation:dateSortie]
2025-01-16T00:10:30.702+01:00 DEBUG 36632 --- [hotel_rest_tp3] [           main] o.h.b.model.internal.BasicValueBinder    : building BasicValue for dateSortie
2025-01-16T00:10:30.702+01:00 DEBUG 36632 --- [hotel_rest_tp3] [           main] org.hibernate.mapping.BasicValue         : Skipping column re-registration: reservation.date_sortie
2025-01-16T00:10:30.702+01:00 DEBUG 36632 --- [hotel_rest_tp3] [           main] o.h.boot.model.internal.PropertyBinder   : Building property dateSortie
2025-01-16T00:10:30.723+01:00 DEBUG 36632 --- [hotel_rest_tp3] [           main] o.h.b.r.c.i.ClassLoaderServiceImpl       : HHH000194: Package not found or no package-info.java: hotel.rest.models
2025-01-16T00:10:30.743+01:00 DEBUG 36632 --- [hotel_rest_tp3] [           main] o.h.b.model.internal.BasicValueBinder    : Starting `BasicValueBinder#fillSimpleValue` for id
2025-01-16T00:10:30.743+01:00 DEBUG 36632 --- [hotel_rest_tp3] [           main] o.h.b.model.internal.BasicValueBinder    : Starting `BasicValueBinder#fillSimpleValue` for codePostal
[...]
2025-01-16T00:10:39.068+01:00 DEBUG 36632 --- [hotel_rest_tp3] [           main] org.hibernate.SQL                        : insert into chambre (date_reservee,nombre_lit,prix,type_chambre,id) values (?,?,?,?,?)
2025-01-16T00:10:39.069+01:00 DEBUG 36632 --- [hotel_rest_tp3] [           main] org.hibernate.SQL                        : insert into chambre (date_reservee,nombre_lit,prix,type_chambre,id) values (?,?,?,?,?)
2025-01-16T00:10:39.069+01:00 DEBUG 36632 --- [hotel_rest_tp3] [           main] org.hibernate.SQL                        : insert into chambre (date_reservee,nombre_lit,prix,type_chambre,id) values (?,?,?,?,?)
2025-01-16T00:10:39.070+01:00 DEBUG 36632 --- [hotel_rest_tp3] [           main] org.hibernate.SQL                        : insert into chambre (date_reservee,nombre_lit,prix,type_chambre,id) values (?,?,?,?,?)
2025-01-16T00:10:39.071+01:00 DEBUG 36632 --- [hotel_rest_tp3] [           main] org.hibernate.SQL                        : insert into chambre (date_reservee,nombre_lit,prix,type_chambre,id) values (?,?,?,?,?)
2025-01-16T00:10:39.071+01:00 DEBUG 36632 --- [hotel_rest_tp3] [           main] org.hibernate.SQL                        : insert into chambre (date_reservee,nombre_lit,prix,type_chambre,id) values (?,?,?,?,?)
2025-01-16T00:10:39.072+01:00 DEBUG 36632 --- [hotel_rest_tp3] [           main] org.hibernate.SQL                        : insert into chambre (date_reservee,nombre_lit,prix,type_chambre,id) values (?,?,?,?,?)
2025-01-16T00:10:39.073+01:00 DEBUG 36632 --- [hotel_rest_tp3] [           main] org.hibernate.SQL                        : insert into chambre (date_reservee,nombre_lit,prix,type_chambre,id) values (?,?,?,?,?)
2025-01-16T00:10:39.074+01:00 DEBUG 36632 --- [hotel_rest_tp3] [           main] org.hibernate.SQL                        : insert into chambre (date_reservee,nombre_lit,prix,type_chambre,id) values (?,?,?,?,?)
2025-01-16T00:10:39.074+01:00 DEBUG 36632 --- [hotel_rest_tp3] [           main] org.hibernate.SQL                        : insert into chambre (date_reservee,nombre_lit,prix,type_chambre,id) values (?,?,?,?,?)
2025-01-16T00:10:39.075+01:00 DEBUG 36632 --- [hotel_rest_tp3] [           main] org.hibernate.SQL                        : insert into chambre (date_reservee,nombre_lit,prix,type_chambre,id) values (?,?,?,?,?)
2025-01-16T00:10:39.076+01:00 DEBUG 36632 --- [hotel_rest_tp3] [           main] org.hibernate.SQL                        : insert into chambre (date_reservee,nombre_lit,prix,type_chambre,id) values (?,?,?,?,?)
2025-01-16T00:10:39.076+01:00 DEBUG 36632 --- [hotel_rest_tp3] [           main] org.hibernate.SQL                        : insert into chambre (date_reservee,nombre_lit,prix,type_chambre,id) values (?,?,?,?,?)
2025-01-16T00:10:39.077+01:00 DEBUG 36632 --- [hotel_rest_tp3] [           main] org.hibernate.SQL                        : insert into chambre (date_reservee,nombre_lit,prix,type_chambre,id) values (?,?,?,?,?)
2025-01-16T00:10:39.077+01:00 DEBUG 36632 --- [hotel_rest_tp3] [           main] org.hibernate.SQL                        : insert into chambre (date_reservee,nombre_lit,prix,type_chambre,id) values (?,?,?,?,?)
2025-01-16T00:10:39.078+01:00 DEBUG 36632 --- [hotel_rest_tp3] [           main] org.hibernate.SQL                        : insert into chambre (date_reservee,nombre_lit,prix,type_chambre,id) values (?,?,?,?,?)
2025-01-16T00:10:39.079+01:00 DEBUG 36632 --- [hotel_rest_tp3] [           main] org.hibernate.SQL                        : insert into chambre (date_reservee,nombre_lit,prix,type_chambre,id) values (?,?,?,?,?)
2025-01-16T00:10:39.079+01:00 DEBUG 36632 --- [hotel_rest_tp3] [           main] org.hibernate.SQL                        : insert into chambre (date_reservee,nombre_lit,prix,type_chambre,id) values (?,?,?,?,?)
2025-01-16T00:10:39.080+01:00 DEBUG 36632 --- [hotel_rest_tp3] [           main] org.hibernate.SQL                        : insert into chambre (date_reservee,nombre_lit,prix,type_chambre,id) values (?,?,?,?,?)
2025-01-16T00:10:39.081+01:00 DEBUG 36632 --- [hotel_rest_tp3] [           main] org.hibernate.SQL                        : insert into chambre (date_reservee,nombre_lit,prix,type_chambre,id) values (?,?,?,?,?)
2025-01-16T00:10:39.081+01:00 DEBUG 36632 --- [hotel_rest_tp3] [           main] org.hibernate.SQL                        : insert into chambre (date_reservee,nombre_lit,prix,type_chambre,id) values (?,?,?,?,?)
2025-01-16T00:10:39.082+01:00 DEBUG 36632 --- [hotel_rest_tp3] [           main] org.hibernate.SQL                        : insert into chambre (date_reservee,nombre_lit,prix,type_chambre,id) values (?,?,?,?,?)
2025-01-16T00:10:39.082+01:00 DEBUG 36632 --- [hotel_rest_tp3] [           main] org.hibernate.SQL                        : insert into chambre (date_reservee,nombre_lit,prix,type_chambre,id) values (?,?,?,?,?)
2025-01-16T00:10:39.083+01:00 DEBUG 36632 --- [hotel_rest_tp3] [           main] org.hibernate.SQL                        : insert into chambre (date_reservee,nombre_lit,prix,type_chambre,id) values (?,?,?,?,?)
2025-01-16T00:10:39.084+01:00 DEBUG 36632 --- [hotel_rest_tp3] [           main] org.hibernate.SQL                        : insert into chambre (date_reservee,nombre_lit,prix,type_chambre,id) values (?,?,?,?,?)
2025-01-16T00:10:39.084+01:00 DEBUG 36632 --- [hotel_rest_tp3] [           main] org.hibernate.SQL                        : insert into chambre (date_reservee,nombre_lit,prix,type_chambre,id) values (?,?,?,?,?)
2025-01-16T00:10:39.085+01:00 DEBUG 36632 --- [hotel_rest_tp3] [           main] org.hibernate.SQL                        : insert into chambre (date_reservee,nombre_lit,prix,type_chambre,id) values (?,?,?,?,?)
2025-01-16T00:10:39.086+01:00 DEBUG 36632 --- [hotel_rest_tp3] [           main] org.hibernate.SQL                        : insert into chambre (date_reservee,nombre_lit,prix,type_chambre,id) values (?,?,?,?,?)
2025-01-16T00:10:39.086+01:00 DEBUG 36632 --- [hotel_rest_tp3] [           main] org.hibernate.SQL                        : insert into chambre (date_reservee,nombre_lit,prix,type_chambre,id) values (?,?,?,?,?)
2025-01-16T00:10:39.087+01:00 DEBUG 36632 --- [hotel_rest_tp3] [           main] org.hibernate.SQL                        : insert into chambre (date_reservee,nombre_lit,prix,type_chambre,id) values (?,?,?,?,?)
2025-01-16T00:10:39.088+01:00 DEBUG 36632 --- [hotel_rest_tp3] [           main] org.hibernate.SQL                        : insert into chambre (date_reservee,nombre_lit,prix,type_chambre,id) values (?,?,?,?,?)
2025-01-16T00:10:39.088+01:00 DEBUG 36632 --- [hotel_rest_tp3] [           main] org.hibernate.SQL                        : insert into chambre (date_reservee,nombre_lit,prix,type_chambre,id) values (?,?,?,?,?)
2025-01-16T00:10:39.089+01:00 DEBUG 36632 --- [hotel_rest_tp3] [           main] org.hibernate.SQL                        : insert into chambre (date_reservee,nombre_lit,prix,type_chambre,id) values (?,?,?,?,?)
2025-01-16T00:10:39.090+01:00 DEBUG 36632 --- [hotel_rest_tp3] [           main] org.hibernate.SQL                        : insert into chambre (date_reservee,nombre_lit,prix,type_chambre,id) values (?,?,?,?,?)
2025-01-16T00:10:39.090+01:00 DEBUG 36632 --- [hotel_rest_tp3] [           main] org.hibernate.SQL                        : insert into chambre (date_reservee,nombre_lit,prix,type_chambre,id) values (?,?,?,?,?)
2025-01-16T00:10:39.091+01:00 DEBUG 36632 --- [hotel_rest_tp3] [           main] org.hibernate.SQL                        : insert into chambre (date_reservee,nombre_lit,prix,type_chambre,id) values (?,?,?,?,?)
2025-01-16T00:10:39.092+01:00 DEBUG 36632 --- [hotel_rest_tp3] [           main] org.hibernate.SQL                        : insert into chambre (date_reservee,nombre_lit,prix,type_chambre,id) values (?,?,?,?,?)
2025-01-16T00:10:39.092+01:00 DEBUG 36632 --- [hotel_rest_tp3] [           main] org.hibernate.SQL                        : insert into chambre (date_reservee,nombre_lit,prix,type_chambre,id) values (?,?,?,?,?)
2025-01-16T00:10:39.093+01:00 DEBUG 36632 --- [hotel_rest_tp3] [           main] org.hibernate.SQL                        : insert into chambre (date_reservee,nombre_lit,prix,type_chambre,id) values (?,?,?,?,?)
2025-01-16T00:10:39.094+01:00 DEBUG 36632 --- [hotel_rest_tp3] [           main] org.hibernate.SQL                        : insert into chambre (date_reservee,nombre_lit,prix,type_chambre,id) values (?,?,?,?,?)
2025-01-16T00:10:39.094+01:00 DEBUG 36632 --- [hotel_rest_tp3] [           main] org.hibernate.SQL                        : insert into chambre (date_reservee,nombre_lit,prix,type_chambre,id) values (?,?,?,?,?)
2025-01-16T00:10:39.102+01:00 DEBUG 36632 --- [hotel_rest_tp3] [           main] org.hibernate.orm.jdbc.mutation          : Inserting collection rows - hotel.rest.models.Hotel.listeChambre : 0
2025-01-16T00:10:39.103+01:00 DEBUG 36632 --- [hotel_rest_tp3] [           main] org.hibernate.SQL                        : update chambre set chambre_id=? where id=?
2025-01-16T00:10:39.110+01:00 DEBUG 36632 --- [hotel_rest_tp3] [           main] org.hibernate.SQL                        : update chambre set chambre_id=? where id=?
2025-01-16T00:10:39.111+01:00 DEBUG 36632 --- [hotel_rest_tp3] [           main] org.hibernate.SQL                        : update chambre set chambre_id=? where id=?
2025-01-16T00:10:39.112+01:00 DEBUG 36632 --- [hotel_rest_tp3] [           main] org.hibernate.SQL                        : update chambre set chambre_id=? where id=?
2025-01-16T00:10:39.112+01:00 DEBUG 36632 --- [hotel_rest_tp3] [           main] org.hibernate.SQL                        : update chambre set chambre_id=? where id=?
2025-01-16T00:10:39.113+01:00 DEBUG 36632 --- [hotel_rest_tp3] [           main] org.hibernate.SQL                        : update chambre set chambre_id=? where id=?
2025-01-16T00:10:39.114+01:00 DEBUG 36632 --- [hotel_rest_tp3] [           main] org.hibernate.SQL                        : update chambre set chambre_id=? where id=?
2025-01-16T00:10:39.116+01:00 DEBUG 36632 --- [hotel_rest_tp3] [           main] org.hibernate.SQL                        : update chambre set chambre_id=? where id=?
2025-01-16T00:10:39.118+01:00 DEBUG 36632 --- [hotel_rest_tp3] [           main] org.hibernate.SQL                        : update chambre set chambre_id=? where id=?
2025-01-16T00:10:39.120+01:00 DEBUG 36632 --- [hotel_rest_tp3] [           main] org.hibernate.SQL                        : update chambre set chambre_id=? where id=?
2025-01-16T00:10:39.120+01:00 DEBUG 36632 --- [hotel_rest_tp3] [           main] org.hibernate.SQL                        : update chambre set chambre_id=? where id=?
2025-01-16T00:10:39.122+01:00 DEBUG 36632 --- [hotel_rest_tp3] [           main] org.hibernate.SQL                        : update chambre set chambre_id=? where id=?
2025-01-16T00:10:39.122+01:00 DEBUG 36632 --- [hotel_rest_tp3] [           main] org.hibernate.SQL                        : update chambre set chambre_id=? where id=?
2025-01-16T00:10:39.123+01:00 DEBUG 36632 --- [hotel_rest_tp3] [           main] org.hibernate.SQL                        : update chambre set chambre_id=? where id=?
2025-01-16T00:10:39.124+01:00 DEBUG 36632 --- [hotel_rest_tp3] [           main] org.hibernate.SQL                        : update chambre set chambre_id=? where id=?
2025-01-16T00:10:39.125+01:00 DEBUG 36632 --- [hotel_rest_tp3] [           main] org.hibernate.SQL                        : update chambre set chambre_id=? where id=?
2025-01-16T00:10:39.126+01:00 DEBUG 36632 --- [hotel_rest_tp3] [           main] org.hibernate.SQL                        : update chambre set chambre_id=? where id=?
2025-01-16T00:10:39.127+01:00 DEBUG 36632 --- [hotel_rest_tp3] [           main] org.hibernate.SQL                        : update chambre set chambre_id=? where id=?
2025-01-16T00:10:39.128+01:00 DEBUG 36632 --- [hotel_rest_tp3] [           main] org.hibernate.SQL                        : update chambre set chambre_id=? where id=?
2025-01-16T00:10:39.129+01:00 DEBUG 36632 --- [hotel_rest_tp3] [           main] org.hibernate.SQL                        : update chambre set chambre_id=? where id=?
2025-01-16T00:10:39.129+01:00 DEBUG 36632 --- [hotel_rest_tp3] [           main] org.hibernate.SQL                        : update chambre set chambre_id=? where id=?
2025-01-16T00:10:39.130+01:00 DEBUG 36632 --- [hotel_rest_tp3] [           main] org.hibernate.SQL                        : update chambre set chambre_id=? where id=?
2025-01-16T00:10:39.131+01:00 DEBUG 36632 --- [hotel_rest_tp3] [           main] org.hibernate.SQL                        : update chambre set chambre_id=? where id=?
2025-01-16T00:10:39.132+01:00 DEBUG 36632 --- [hotel_rest_tp3] [           main] org.hibernate.SQL                        : update chambre set chambre_id=? where id=?
2025-01-16T00:10:39.134+01:00 DEBUG 36632 --- [hotel_rest_tp3] [           main] org.hibernate.SQL                        : update chambre set chambre_id=? where id=?
2025-01-16T00:10:39.135+01:00 DEBUG 36632 --- [hotel_rest_tp3] [           main] org.hibernate.SQL                        : update chambre set chambre_id=? where id=?
2025-01-16T00:10:39.136+01:00 DEBUG 36632 --- [hotel_rest_tp3] [           main] org.hibernate.SQL                        : update chambre set chambre_id=? where id=?
2025-01-16T00:10:39.138+01:00 DEBUG 36632 --- [hotel_rest_tp3] [           main] org.hibernate.SQL                        : update chambre set chambre_id=? where id=?
2025-01-16T00:10:39.139+01:00 DEBUG 36632 --- [hotel_rest_tp3] [           main] org.hibernate.SQL                        : update chambre set chambre_id=? where id=?
2025-01-16T00:10:39.141+01:00 DEBUG 36632 --- [hotel_rest_tp3] [           main] org.hibernate.SQL                        : update chambre set chambre_id=? where id=?
2025-01-16T00:10:39.142+01:00 DEBUG 36632 --- [hotel_rest_tp3] [           main] org.hibernate.SQL                        : update chambre set chambre_id=? where id=?
2025-01-16T00:10:39.144+01:00 DEBUG 36632 --- [hotel_rest_tp3] [           main] org.hibernate.SQL                        : update chambre set chambre_id=? where id=?
2025-01-16T00:10:39.145+01:00 DEBUG 36632 --- [hotel_rest_tp3] [           main] org.hibernate.SQL                        : update chambre set chambre_id=? where id=?
2025-01-16T00:10:39.146+01:00 DEBUG 36632 --- [hotel_rest_tp3] [           main] org.hibernate.SQL                        : update chambre set chambre_id=? where id=?
2025-01-16T00:10:39.147+01:00 DEBUG 36632 --- [hotel_rest_tp3] [           main] org.hibernate.SQL                        : update chambre set chambre_id=? where id=?
2025-01-16T00:10:39.149+01:00 DEBUG 36632 --- [hotel_rest_tp3] [           main] org.hibernate.SQL                        : update chambre set chambre_id=? where id=?
2025-01-16T00:10:39.150+01:00 DEBUG 36632 --- [hotel_rest_tp3] [           main] org.hibernate.SQL                        : update chambre set chambre_id=? where id=?
2025-01-16T00:10:39.151+01:00 DEBUG 36632 --- [hotel_rest_tp3] [           main] org.hibernate.SQL                        : update chambre set chambre_id=? where id=?
2025-01-16T00:10:39.153+01:00 DEBUG 36632 --- [hotel_rest_tp3] [           main] org.hibernate.SQL                        : update chambre set chambre_id=? where id=?
2025-01-16T00:10:39.154+01:00 DEBUG 36632 --- [hotel_rest_tp3] [           main] org.hibernate.SQL                        : update chambre set chambre_id=? where id=?
2025-01-16T00:10:39.156+01:00 DEBUG 36632 --- [hotel_rest_tp3] [           main] org.hibernate.SQL                        : update chambre set chambre_id=? where id=?
2025-01-16T00:10:39.157+01:00 DEBUG 36632 --- [hotel_rest_tp3] [           main] org.hibernate.SQL                        : update chambre set chambre_id=? where id=?
2025-01-16T00:10:39.158+01:00 DEBUG 36632 --- [hotel_rest_tp3] [           main] org.hibernate.SQL                        : update chambre set chambre_id=? where id=?
2025-01-16T00:10:39.159+01:00 DEBUG 36632 --- [hotel_rest_tp3] [           main] org.hibernate.SQL                        : update chambre set chambre_id=? where id=?
2025-01-16T00:10:39.161+01:00 DEBUG 36632 --- [hotel_rest_tp3] [           main] org.hibernate.SQL                        : update chambre set chambre_id=? where id=?
2025-01-16T00:10:39.162+01:00 DEBUG 36632 --- [hotel_rest_tp3] [           main] org.hibernate.SQL                        : update chambre set chambre_id=? where id=?
2025-01-16T00:10:39.163+01:00 DEBUG 36632 --- [hotel_rest_tp3] [           main] org.hibernate.SQL                        : update chambre set chambre_id=? where id=?
2025-01-16T00:10:39.164+01:00 DEBUG 36632 --- [hotel_rest_tp3] [           main] org.hibernate.SQL                        : update chambre set chambre_id=? where id=?
2025-01-16T00:10:39.166+01:00 DEBUG 36632 --- [hotel_rest_tp3] [           main] org.hibernate.SQL                        : update chambre set chambre_id=? where id=?
2025-01-16T00:10:39.167+01:00 DEBUG 36632 --- [hotel_rest_tp3] [           main] org.hibernate.SQL                        : update chambre set chambre_id=? where id=?
2025-01-16T00:10:39.168+01:00 DEBUG 36632 --- [hotel_rest_tp3] [           main] org.hibernate.SQL                        : update chambre set chambre_id=? where id=?
2025-01-16T00:10:39.169+01:00 DEBUG 36632 --- [hotel_rest_tp3] [           main] org.hibernate.SQL                        : update chambre set chambre_id=? where id=?
2025-01-16T00:10:39.170+01:00 DEBUG 36632 --- [hotel_rest_tp3] [           main] org.hibernate.SQL                        : update chambre set chambre_id=? where id=?
2025-01-16T00:10:39.172+01:00 DEBUG 36632 --- [hotel_rest_tp3] [           main] org.hibernate.SQL                        : update chambre set chambre_id=? where id=?
2025-01-16T00:10:39.173+01:00 DEBUG 36632 --- [hotel_rest_tp3] [           main] org.hibernate.SQL                        : update chambre set chambre_id=? where id=?
2025-01-16T00:10:39.174+01:00 DEBUG 36632 --- [hotel_rest_tp3] [           main] org.hibernate.SQL                        : update chambre set chambre_id=? where id=?
2025-01-16T00:10:39.175+01:00 DEBUG 36632 --- [hotel_rest_tp3] [           main] org.hibernate.SQL                        : update chambre set chambre_id=? where id=?
2025-01-16T00:10:39.176+01:00 DEBUG 36632 --- [hotel_rest_tp3] [           main] org.hibernate.SQL                        : update chambre set chambre_id=? where id=?
2025-01-16T00:10:39.177+01:00 DEBUG 36632 --- [hotel_rest_tp3] [           main] org.hibernate.orm.jdbc.mutation          : Done inserting `58` collection rows : hotel.rest.models.Hotel.listeChambre
2025-01-16T00:10:39.195+01:00 DEBUG 36632 --- [hotel_rest_tp3] [           main] o.s.orm.jpa.JpaTransactionManager        : Closing JPA EntityManager [SessionImpl(476013202<open>)] after transaction
2025-01-16T00:10:39.196+01:00  INFO 36632 --- [hotel_rest_tp3] [           main] hotel.rest.data.HotelData                : Préchargement de la base de donnée avecLe Parisien
]]></system-out>
    <system-err><![CDATA[Mockito is currently self-attaching to enable the inline-mock-maker. This will no longer work in future releases of the JDK. Please add Mockito as an agent to your build what is described in Mockito's documentation: https://javadoc.io/doc/org.mockito/mockito-core/latest/org/mockito/Mockito.html#0.3
WARNING: A Java agent has been loaded dynamically (/home/miguel/.m2/repository/net/bytebuddy/byte-buddy-agent/1.15.11/byte-buddy-agent-1.15.11.jar)
WARNING: If a serviceability tool is in use, please run with -XX:+EnableDynamicAgentLoading to hide this warning
WARNING: If a serviceability tool is not in use, please run with -Djdk.instrument.traceUsage for more information
WARNING: Dynamic loading of agents will be disallowed by default in a future release
]]></system-err>
  </testcase>
</testsuite>